<?xml version="1.0" encoding="utf-8"?>
<CoverageSession xmlns:xsd="http://www.w3.org/2001/XMLSchema" xmlns:xsi="http://www.w3.org/2001/XMLSchema-instance" Version="4.7.922.0">
  <Summary numSequencePoints="481" visitedSequencePoints="481" numBranchPoints="108" visitedBranchPoints="107" sequenceCoverage="100" branchCoverage="99.07" maxCyclomaticComplexity="9" minCyclomaticComplexity="1" maxCrapScore="9" minCrapScore="1" visitedClasses="8" numClasses="8" visitedMethods="38" numMethods="38" />
  <Modules>
    <Module hash="9D-59-EE-45-83-DE-B8-61-FA-D7-54-75-3C-A1-7A-7A-C5-5F-A7-31">
      <Summary numSequencePoints="222" visitedSequencePoints="222" numBranchPoints="21" visitedBranchPoints="21" sequenceCoverage="100" branchCoverage="100" maxCyclomaticComplexity="1" minCyclomaticComplexity="0" maxCrapScore="2" minCrapScore="0" visitedClasses="1" numClasses="1" visitedMethods="21" numMethods="21" />
      <ModulePath>C:\Users\Lenova\Desktop\ce100-hw4-rabia-süme\ce100-hw4-sln\ce100-hw4-algo-test-cs\bin\Debug\fine-code-coverage\build-output\ce100-hw4-algo-test-cs.dll</ModulePath>
      <ModuleTime>2022-05-16T18:50:51.1373035Z</ModuleTime>
      <ModuleName>ce100-hw4-algo-test-cs</ModuleName>
      <Files>
        <File uid="1" fullPath="C:\Users\Lenova\Desktop\ce100-hw4-rabia-süme\ce100-hw4-sln\ce100-hw4-algo-test-cs\UnitTest1.cs" />
      </Files>
      <Classes>
        <Class>
          <Summary numSequencePoints="222" visitedSequencePoints="222" numBranchPoints="21" visitedBranchPoints="21" sequenceCoverage="100" branchCoverage="100" maxCyclomaticComplexity="1" minCyclomaticComplexity="1" maxCrapScore="2" minCrapScore="1" visitedClasses="1" numClasses="1" visitedMethods="21" numMethods="21" />
          <FullName>ce100_hw4_algo_test_cs.UnitTest1</FullName>
          <Methods>
            <Method visited="true" cyclomaticComplexity="1" nPathComplexity="0" sequenceCoverage="100" branchCoverage="100" crapScore="1" isConstructor="false" isStatic="false" isGetter="false" isSetter="false">
              <Summary numSequencePoints="8" visitedSequencePoints="8" numBranchPoints="1" visitedBranchPoints="1" sequenceCoverage="100" branchCoverage="100" maxCyclomaticComplexity="1" minCyclomaticComplexity="1" maxCrapScore="1" minCrapScore="1" visitedClasses="0" numClasses="0" visitedMethods="1" numMethods="1" />
              <MetadataToken>100663297</MetadataToken>
              <Name>System.Void ce100_hw4_algo_test_cs.UnitTest1::ActivitySelection1Problem_TestMethod_1()</Name>
              <FileRef uid="1" />
              <SequencePoints>
                <SequencePoint vc="1" uspid="1" ordinal="0" offset="0" sl="12" sc="9" el="12" ec="10" bec="0" bev="0" fileid="1" />
                <SequencePoint vc="1" uspid="2" ordinal="1" offset="1" sl="13" sc="13" el="13" ec="44" bec="0" bev="0" fileid="1" />
                <SequencePoint vc="1" uspid="3" ordinal="2" offset="19" sl="14" sc="13" el="14" ec="44" bec="0" bev="0" fileid="1" />
                <SequencePoint vc="1" uspid="4" ordinal="3" offset="37" sl="15" sc="13" el="15" ec="30" bec="0" bev="0" fileid="1" />
                <SequencePoint vc="1" uspid="5" ordinal="4" offset="41" sl="17" sc="13" el="17" ec="90" bec="0" bev="0" fileid="1" />
                <SequencePoint vc="1" uspid="6" ordinal="5" offset="50" sl="18" sc="13" el="18" ec="30" bec="0" bev="0" fileid="1" />
                <SequencePoint vc="1" uspid="7" ordinal="6" offset="57" sl="19" sc="13" el="19" ec="39" bec="0" bev="0" fileid="1" />
                <SequencePoint vc="1" uspid="8" ordinal="7" offset="66" sl="20" sc="9" el="20" ec="10" bec="0" bev="0" fileid="1" />
              </SequencePoints>
              <BranchPoints />
              <MethodPoint xsi:type="SequencePoint" vc="1" uspid="1" ordinal="0" offset="0" sl="12" sc="9" el="12" ec="10" bec="0" bev="0" fileid="1" />
            </Method>
            <Method visited="true" cyclomaticComplexity="1" nPathComplexity="0" sequenceCoverage="100" branchCoverage="100" crapScore="1" isConstructor="false" isStatic="false" isGetter="false" isSetter="false">
              <Summary numSequencePoints="8" visitedSequencePoints="8" numBranchPoints="1" visitedBranchPoints="1" sequenceCoverage="100" branchCoverage="100" maxCyclomaticComplexity="1" minCyclomaticComplexity="1" maxCrapScore="1" minCrapScore="1" visitedClasses="0" numClasses="0" visitedMethods="1" numMethods="1" />
              <MetadataToken>100663298</MetadataToken>
              <Name>System.Void ce100_hw4_algo_test_cs.UnitTest1::ActivitySelection1Problem_TestMethod_2()</Name>
              <FileRef uid="1" />
              <SequencePoints>
                <SequencePoint vc="1" uspid="9" ordinal="0" offset="0" sl="27" sc="9" el="27" ec="10" bec="0" bev="0" fileid="1" />
                <SequencePoint vc="1" uspid="10" ordinal="1" offset="1" sl="28" sc="13" el="28" ec="44" bec="0" bev="0" fileid="1" />
                <SequencePoint vc="1" uspid="11" ordinal="2" offset="19" sl="30" sc="13" el="30" ec="44" bec="0" bev="0" fileid="1" />
                <SequencePoint vc="1" uspid="12" ordinal="3" offset="37" sl="31" sc="13" el="31" ec="30" bec="0" bev="0" fileid="1" />
                <SequencePoint vc="1" uspid="13" ordinal="4" offset="41" sl="33" sc="13" el="33" ec="90" bec="0" bev="0" fileid="1" />
                <SequencePoint vc="1" uspid="14" ordinal="5" offset="50" sl="34" sc="13" el="34" ec="30" bec="0" bev="0" fileid="1" />
                <SequencePoint vc="1" uspid="15" ordinal="6" offset="57" sl="35" sc="13" el="35" ec="39" bec="0" bev="0" fileid="1" />
                <SequencePoint vc="1" uspid="16" ordinal="7" offset="66" sl="36" sc="9" el="36" ec="10" bec="0" bev="0" fileid="1" />
              </SequencePoints>
              <BranchPoints />
              <MethodPoint xsi:type="SequencePoint" vc="1" uspid="9" ordinal="0" offset="0" sl="27" sc="9" el="27" ec="10" bec="0" bev="0" fileid="1" />
            </Method>
            <Method visited="true" cyclomaticComplexity="1" nPathComplexity="0" sequenceCoverage="100" branchCoverage="100" crapScore="1" isConstructor="false" isStatic="false" isGetter="false" isSetter="false">
              <Summary numSequencePoints="8" visitedSequencePoints="8" numBranchPoints="1" visitedBranchPoints="1" sequenceCoverage="100" branchCoverage="100" maxCyclomaticComplexity="1" minCyclomaticComplexity="1" maxCrapScore="1" minCrapScore="1" visitedClasses="0" numClasses="0" visitedMethods="1" numMethods="1" />
              <MetadataToken>100663299</MetadataToken>
              <Name>System.Void ce100_hw4_algo_test_cs.UnitTest1::ActivitySelection1Problem_TestMethod_3()</Name>
              <FileRef uid="1" />
              <SequencePoints>
                <SequencePoint vc="1" uspid="17" ordinal="0" offset="0" sl="42" sc="9" el="42" ec="10" bec="0" bev="0" fileid="1" />
                <SequencePoint vc="1" uspid="18" ordinal="1" offset="1" sl="43" sc="13" el="43" ec="44" bec="0" bev="0" fileid="1" />
                <SequencePoint vc="1" uspid="19" ordinal="2" offset="19" sl="45" sc="13" el="45" ec="44" bec="0" bev="0" fileid="1" />
                <SequencePoint vc="1" uspid="20" ordinal="3" offset="37" sl="46" sc="13" el="46" ec="30" bec="0" bev="0" fileid="1" />
                <SequencePoint vc="1" uspid="21" ordinal="4" offset="41" sl="48" sc="13" el="48" ec="90" bec="0" bev="0" fileid="1" />
                <SequencePoint vc="1" uspid="22" ordinal="5" offset="50" sl="49" sc="13" el="49" ec="30" bec="0" bev="0" fileid="1" />
                <SequencePoint vc="1" uspid="23" ordinal="6" offset="57" sl="50" sc="13" el="50" ec="39" bec="0" bev="0" fileid="1" />
                <SequencePoint vc="1" uspid="24" ordinal="7" offset="66" sl="51" sc="9" el="51" ec="10" bec="0" bev="0" fileid="1" />
              </SequencePoints>
              <BranchPoints />
              <MethodPoint xsi:type="SequencePoint" vc="1" uspid="17" ordinal="0" offset="0" sl="42" sc="9" el="42" ec="10" bec="0" bev="0" fileid="1" />
            </Method>
            <Method visited="true" cyclomaticComplexity="1" nPathComplexity="0" sequenceCoverage="100" branchCoverage="100" crapScore="1" isConstructor="false" isStatic="false" isGetter="false" isSetter="false">
              <Summary numSequencePoints="9" visitedSequencePoints="9" numBranchPoints="1" visitedBranchPoints="1" sequenceCoverage="100" branchCoverage="100" maxCyclomaticComplexity="1" minCyclomaticComplexity="1" maxCrapScore="1" minCrapScore="1" visitedClasses="0" numClasses="0" visitedMethods="1" numMethods="1" />
              <MetadataToken>100663300</MetadataToken>
              <Name>System.Void ce100_hw4_algo_test_cs.UnitTest1::KnapSack01_TestMethod_1()</Name>
              <FileRef uid="1" />
              <SequencePoints>
                <SequencePoint vc="1" uspid="25" ordinal="0" offset="0" sl="56" sc="9" el="56" ec="10" bec="0" bev="0" fileid="1" />
                <SequencePoint vc="1" uspid="26" ordinal="1" offset="1" sl="57" sc="13" el="57" ec="53" bec="0" bev="0" fileid="1" />
                <SequencePoint vc="1" uspid="27" ordinal="2" offset="19" sl="58" sc="13" el="58" ec="49" bec="0" bev="0" fileid="1" />
                <SequencePoint vc="1" uspid="28" ordinal="3" offset="37" sl="59" sc="13" el="59" ec="24" bec="0" bev="0" fileid="1" />
                <SequencePoint vc="1" uspid="29" ordinal="4" offset="40" sl="60" sc="13" el="60" ec="32" bec="0" bev="0" fileid="1" />
                <SequencePoint vc="1" uspid="30" ordinal="5" offset="44" sl="61" sc="13" el="61" ec="60" bec="0" bev="0" fileid="1" />
                <SequencePoint vc="1" uspid="31" ordinal="6" offset="55" sl="62" sc="13" el="62" ec="28" bec="0" bev="0" fileid="1" />
                <SequencePoint vc="1" uspid="32" ordinal="7" offset="62" sl="63" sc="13" el="63" ec="42" bec="0" bev="0" fileid="1" />
                <SequencePoint vc="1" uspid="33" ordinal="8" offset="72" sl="64" sc="9" el="64" ec="10" bec="0" bev="0" fileid="1" />
              </SequencePoints>
              <BranchPoints />
              <MethodPoint xsi:type="SequencePoint" vc="1" uspid="25" ordinal="0" offset="0" sl="56" sc="9" el="56" ec="10" bec="0" bev="0" fileid="1" />
            </Method>
            <Method visited="true" cyclomaticComplexity="1" nPathComplexity="0" sequenceCoverage="100" branchCoverage="100" crapScore="1" isConstructor="false" isStatic="false" isGetter="false" isSetter="false">
              <Summary numSequencePoints="9" visitedSequencePoints="9" numBranchPoints="1" visitedBranchPoints="1" sequenceCoverage="100" branchCoverage="100" maxCyclomaticComplexity="1" minCyclomaticComplexity="1" maxCrapScore="1" minCrapScore="1" visitedClasses="0" numClasses="0" visitedMethods="1" numMethods="1" />
              <MetadataToken>100663301</MetadataToken>
              <Name>System.Void ce100_hw4_algo_test_cs.UnitTest1::KnapSack01_TestMethod_2()</Name>
              <FileRef uid="1" />
              <SequencePoints>
                <SequencePoint vc="1" uspid="34" ordinal="0" offset="0" sl="69" sc="9" el="69" ec="10" bec="0" bev="0" fileid="1" />
                <SequencePoint vc="1" uspid="35" ordinal="1" offset="1" sl="70" sc="13" el="70" ec="52" bec="0" bev="0" fileid="1" />
                <SequencePoint vc="1" uspid="36" ordinal="2" offset="19" sl="71" sc="13" el="71" ec="49" bec="0" bev="0" fileid="1" />
                <SequencePoint vc="1" uspid="37" ordinal="3" offset="37" sl="72" sc="13" el="72" ec="24" bec="0" bev="0" fileid="1" />
                <SequencePoint vc="1" uspid="38" ordinal="4" offset="40" sl="73" sc="13" el="73" ec="32" bec="0" bev="0" fileid="1" />
                <SequencePoint vc="1" uspid="39" ordinal="5" offset="44" sl="74" sc="13" el="74" ec="60" bec="0" bev="0" fileid="1" />
                <SequencePoint vc="1" uspid="40" ordinal="6" offset="55" sl="75" sc="13" el="75" ec="27" bec="0" bev="0" fileid="1" />
                <SequencePoint vc="1" uspid="41" ordinal="7" offset="62" sl="76" sc="13" el="76" ec="42" bec="0" bev="0" fileid="1" />
                <SequencePoint vc="1" uspid="42" ordinal="8" offset="72" sl="77" sc="9" el="77" ec="10" bec="0" bev="0" fileid="1" />
              </SequencePoints>
              <BranchPoints />
              <MethodPoint xsi:type="SequencePoint" vc="1" uspid="34" ordinal="0" offset="0" sl="69" sc="9" el="69" ec="10" bec="0" bev="0" fileid="1" />
            </Method>
            <Method visited="true" cyclomaticComplexity="1" nPathComplexity="0" sequenceCoverage="100" branchCoverage="100" crapScore="1" isConstructor="false" isStatic="false" isGetter="false" isSetter="false">
              <Summary numSequencePoints="9" visitedSequencePoints="9" numBranchPoints="1" visitedBranchPoints="1" sequenceCoverage="100" branchCoverage="100" maxCyclomaticComplexity="1" minCyclomaticComplexity="1" maxCrapScore="1" minCrapScore="1" visitedClasses="0" numClasses="0" visitedMethods="1" numMethods="1" />
              <MetadataToken>100663302</MetadataToken>
              <Name>System.Void ce100_hw4_algo_test_cs.UnitTest1::KnapSack01_TestMethod_3()</Name>
              <FileRef uid="1" />
              <SequencePoints>
                <SequencePoint vc="1" uspid="43" ordinal="0" offset="0" sl="82" sc="9" el="82" ec="10" bec="0" bev="0" fileid="1" />
                <SequencePoint vc="1" uspid="44" ordinal="1" offset="1" sl="83" sc="13" el="83" ec="53" bec="0" bev="0" fileid="1" />
                <SequencePoint vc="1" uspid="45" ordinal="2" offset="19" sl="84" sc="13" el="84" ec="49" bec="0" bev="0" fileid="1" />
                <SequencePoint vc="1" uspid="46" ordinal="3" offset="37" sl="85" sc="13" el="85" ec="24" bec="0" bev="0" fileid="1" />
                <SequencePoint vc="1" uspid="47" ordinal="4" offset="40" sl="86" sc="13" el="86" ec="32" bec="0" bev="0" fileid="1" />
                <SequencePoint vc="1" uspid="48" ordinal="5" offset="44" sl="87" sc="13" el="87" ec="60" bec="0" bev="0" fileid="1" />
                <SequencePoint vc="1" uspid="49" ordinal="6" offset="55" sl="88" sc="13" el="88" ec="28" bec="0" bev="0" fileid="1" />
                <SequencePoint vc="1" uspid="50" ordinal="7" offset="62" sl="89" sc="13" el="89" ec="42" bec="0" bev="0" fileid="1" />
                <SequencePoint vc="1" uspid="51" ordinal="8" offset="72" sl="90" sc="9" el="90" ec="10" bec="0" bev="0" fileid="1" />
              </SequencePoints>
              <BranchPoints />
              <MethodPoint xsi:type="SequencePoint" vc="1" uspid="43" ordinal="0" offset="0" sl="82" sc="9" el="82" ec="10" bec="0" bev="0" fileid="1" />
            </Method>
            <Method visited="true" cyclomaticComplexity="1" nPathComplexity="0" sequenceCoverage="100" branchCoverage="100" crapScore="1" isConstructor="false" isStatic="false" isGetter="false" isSetter="false">
              <Summary numSequencePoints="9" visitedSequencePoints="9" numBranchPoints="1" visitedBranchPoints="1" sequenceCoverage="100" branchCoverage="100" maxCyclomaticComplexity="1" minCyclomaticComplexity="1" maxCrapScore="1" minCrapScore="1" visitedClasses="0" numClasses="0" visitedMethods="1" numMethods="1" />
              <MetadataToken>100663303</MetadataToken>
              <Name>System.Void ce100_hw4_algo_test_cs.UnitTest1::Knapsack02_testmethod_1()</Name>
              <FileRef uid="1" />
              <SequencePoints>
                <SequencePoint vc="1" uspid="52" ordinal="0" offset="0" sl="97" sc="9" el="97" ec="10" bec="0" bev="0" fileid="1" />
                <SequencePoint vc="1" uspid="53" ordinal="1" offset="1" sl="98" sc="13" el="98" ec="50" bec="0" bev="0" fileid="1" />
                <SequencePoint vc="1" uspid="54" ordinal="2" offset="19" sl="99" sc="13" el="99" ec="49" bec="0" bev="0" fileid="1" />
                <SequencePoint vc="1" uspid="55" ordinal="3" offset="37" sl="100" sc="13" el="100" ec="24" bec="0" bev="0" fileid="1" />
                <SequencePoint vc="1" uspid="56" ordinal="4" offset="40" sl="101" sc="13" el="101" ec="32" bec="0" bev="0" fileid="1" />
                <SequencePoint vc="1" uspid="57" ordinal="5" offset="44" sl="102" sc="13" el="102" ec="65" bec="0" bev="0" fileid="1" />
                <SequencePoint vc="1" uspid="58" ordinal="6" offset="55" sl="104" sc="13" el="104" ec="35" bec="0" bev="0" fileid="1" />
                <SequencePoint vc="1" uspid="59" ordinal="7" offset="62" sl="105" sc="13" el="105" ec="39" bec="0" bev="0" fileid="1" />
                <SequencePoint vc="1" uspid="60" ordinal="8" offset="72" sl="106" sc="9" el="106" ec="10" bec="0" bev="0" fileid="1" />
              </SequencePoints>
              <BranchPoints />
              <MethodPoint xsi:type="SequencePoint" vc="1" uspid="52" ordinal="0" offset="0" sl="97" sc="9" el="97" ec="10" bec="0" bev="0" fileid="1" />
            </Method>
            <Method visited="true" cyclomaticComplexity="1" nPathComplexity="0" sequenceCoverage="100" branchCoverage="100" crapScore="1" isConstructor="false" isStatic="false" isGetter="false" isSetter="false">
              <Summary numSequencePoints="9" visitedSequencePoints="9" numBranchPoints="1" visitedBranchPoints="1" sequenceCoverage="100" branchCoverage="100" maxCyclomaticComplexity="1" minCyclomaticComplexity="1" maxCrapScore="1" minCrapScore="1" visitedClasses="0" numClasses="0" visitedMethods="1" numMethods="1" />
              <MetadataToken>100663304</MetadataToken>
              <Name>System.Void ce100_hw4_algo_test_cs.UnitTest1::Knapsack02_testmethod_2()</Name>
              <FileRef uid="1" />
              <SequencePoints>
                <SequencePoint vc="1" uspid="61" ordinal="0" offset="0" sl="113" sc="9" el="113" ec="10" bec="0" bev="0" fileid="1" />
                <SequencePoint vc="1" uspid="62" ordinal="1" offset="1" sl="114" sc="13" el="114" ec="50" bec="0" bev="0" fileid="1" />
                <SequencePoint vc="1" uspid="63" ordinal="2" offset="19" sl="115" sc="13" el="115" ec="49" bec="0" bev="0" fileid="1" />
                <SequencePoint vc="1" uspid="64" ordinal="3" offset="37" sl="116" sc="13" el="116" ec="24" bec="0" bev="0" fileid="1" />
                <SequencePoint vc="1" uspid="65" ordinal="4" offset="40" sl="117" sc="13" el="117" ec="32" bec="0" bev="0" fileid="1" />
                <SequencePoint vc="1" uspid="66" ordinal="5" offset="44" sl="118" sc="13" el="118" ec="65" bec="0" bev="0" fileid="1" />
                <SequencePoint vc="1" uspid="67" ordinal="6" offset="55" sl="120" sc="13" el="120" ec="35" bec="0" bev="0" fileid="1" />
                <SequencePoint vc="1" uspid="68" ordinal="7" offset="62" sl="121" sc="13" el="121" ec="39" bec="0" bev="0" fileid="1" />
                <SequencePoint vc="1" uspid="69" ordinal="8" offset="72" sl="122" sc="9" el="122" ec="10" bec="0" bev="0" fileid="1" />
              </SequencePoints>
              <BranchPoints />
              <MethodPoint xsi:type="SequencePoint" vc="1" uspid="61" ordinal="0" offset="0" sl="113" sc="9" el="113" ec="10" bec="0" bev="0" fileid="1" />
            </Method>
            <Method visited="true" cyclomaticComplexity="1" nPathComplexity="0" sequenceCoverage="100" branchCoverage="100" crapScore="1" isConstructor="false" isStatic="false" isGetter="false" isSetter="false">
              <Summary numSequencePoints="9" visitedSequencePoints="9" numBranchPoints="1" visitedBranchPoints="1" sequenceCoverage="100" branchCoverage="100" maxCyclomaticComplexity="1" minCyclomaticComplexity="1" maxCrapScore="1" minCrapScore="1" visitedClasses="0" numClasses="0" visitedMethods="1" numMethods="1" />
              <MetadataToken>100663305</MetadataToken>
              <Name>System.Void ce100_hw4_algo_test_cs.UnitTest1::Knapsack02_testmethod_3()</Name>
              <FileRef uid="1" />
              <SequencePoints>
                <SequencePoint vc="1" uspid="70" ordinal="0" offset="0" sl="128" sc="9" el="128" ec="10" bec="0" bev="0" fileid="1" />
                <SequencePoint vc="1" uspid="71" ordinal="1" offset="1" sl="129" sc="13" el="129" ec="50" bec="0" bev="0" fileid="1" />
                <SequencePoint vc="1" uspid="72" ordinal="2" offset="19" sl="130" sc="13" el="130" ec="49" bec="0" bev="0" fileid="1" />
                <SequencePoint vc="1" uspid="73" ordinal="3" offset="37" sl="131" sc="13" el="131" ec="24" bec="0" bev="0" fileid="1" />
                <SequencePoint vc="1" uspid="74" ordinal="4" offset="40" sl="132" sc="13" el="132" ec="32" bec="0" bev="0" fileid="1" />
                <SequencePoint vc="1" uspid="75" ordinal="5" offset="44" sl="133" sc="13" el="133" ec="65" bec="0" bev="0" fileid="1" />
                <SequencePoint vc="1" uspid="76" ordinal="6" offset="55" sl="135" sc="13" el="135" ec="35" bec="0" bev="0" fileid="1" />
                <SequencePoint vc="1" uspid="77" ordinal="7" offset="62" sl="136" sc="13" el="136" ec="39" bec="0" bev="0" fileid="1" />
                <SequencePoint vc="1" uspid="78" ordinal="8" offset="72" sl="137" sc="9" el="137" ec="10" bec="0" bev="0" fileid="1" />
              </SequencePoints>
              <BranchPoints />
              <MethodPoint xsi:type="SequencePoint" vc="1" uspid="70" ordinal="0" offset="0" sl="128" sc="9" el="128" ec="10" bec="0" bev="0" fileid="1" />
            </Method>
            <Method visited="true" cyclomaticComplexity="1" nPathComplexity="0" sequenceCoverage="100" branchCoverage="100" crapScore="1" isConstructor="false" isStatic="false" isGetter="false" isSetter="false">
              <Summary numSequencePoints="12" visitedSequencePoints="12" numBranchPoints="1" visitedBranchPoints="1" sequenceCoverage="100" branchCoverage="100" maxCyclomaticComplexity="1" minCyclomaticComplexity="1" maxCrapScore="1" minCrapScore="1" visitedClasses="0" numClasses="0" visitedMethods="1" numMethods="1" />
              <MetadataToken>100663306</MetadataToken>
              <Name>System.Void ce100_hw4_algo_test_cs.UnitTest1::BFS_TestMethod_1()</Name>
              <FileRef uid="1" />
              <SequencePoints>
                <SequencePoint vc="1" uspid="79" ordinal="0" offset="0" sl="144" sc="9" el="144" ec="10" bec="0" bev="0" fileid="1" />
                <SequencePoint vc="1" uspid="80" ordinal="1" offset="1" sl="145" sc="13" el="145" ec="26" bec="0" bev="0" fileid="1" />
                <SequencePoint vc="1" uspid="81" ordinal="2" offset="8" sl="147" sc="13" el="147" ec="31" bec="0" bev="0" fileid="1" />
                <SequencePoint vc="1" uspid="82" ordinal="3" offset="16" sl="148" sc="13" el="148" ec="31" bec="0" bev="0" fileid="1" />
                <SequencePoint vc="1" uspid="83" ordinal="4" offset="24" sl="149" sc="13" el="149" ec="31" bec="0" bev="0" fileid="1" />
                <SequencePoint vc="1" uspid="84" ordinal="5" offset="32" sl="150" sc="13" el="150" ec="31" bec="0" bev="0" fileid="1" />
                <SequencePoint vc="1" uspid="85" ordinal="6" offset="40" sl="151" sc="13" el="151" ec="31" bec="0" bev="0" fileid="1" />
                <SequencePoint vc="1" uspid="86" ordinal="7" offset="48" sl="152" sc="13" el="152" ec="31" bec="0" bev="0" fileid="1" />
                <SequencePoint vc="1" uspid="87" ordinal="8" offset="56" sl="154" sc="13" el="154" ec="43" bec="0" bev="0" fileid="1" />
                <SequencePoint vc="1" uspid="88" ordinal="9" offset="63" sl="155" sc="13" el="155" ec="39" bec="0" bev="0" fileid="1" />
                <SequencePoint vc="1" uspid="89" ordinal="10" offset="69" sl="156" sc="13" el="156" ec="39" bec="0" bev="0" fileid="1" />
                <SequencePoint vc="1" uspid="90" ordinal="11" offset="77" sl="159" sc="9" el="159" ec="10" bec="0" bev="0" fileid="1" />
              </SequencePoints>
              <BranchPoints />
              <MethodPoint xsi:type="SequencePoint" vc="1" uspid="79" ordinal="0" offset="0" sl="144" sc="9" el="144" ec="10" bec="0" bev="0" fileid="1" />
            </Method>
            <Method visited="true" cyclomaticComplexity="1" nPathComplexity="0" sequenceCoverage="100" branchCoverage="100" crapScore="1" isConstructor="false" isStatic="false" isGetter="false" isSetter="false">
              <Summary numSequencePoints="12" visitedSequencePoints="12" numBranchPoints="1" visitedBranchPoints="1" sequenceCoverage="100" branchCoverage="100" maxCyclomaticComplexity="1" minCyclomaticComplexity="1" maxCrapScore="1" minCrapScore="1" visitedClasses="0" numClasses="0" visitedMethods="1" numMethods="1" />
              <MetadataToken>100663307</MetadataToken>
              <Name>System.Void ce100_hw4_algo_test_cs.UnitTest1::BFS_TestMethod_2()</Name>
              <FileRef uid="1" />
              <SequencePoints>
                <SequencePoint vc="1" uspid="91" ordinal="0" offset="0" sl="166" sc="9" el="166" ec="10" bec="0" bev="0" fileid="1" />
                <SequencePoint vc="1" uspid="92" ordinal="1" offset="1" sl="167" sc="13" el="167" ec="26" bec="0" bev="0" fileid="1" />
                <SequencePoint vc="1" uspid="93" ordinal="2" offset="8" sl="169" sc="13" el="169" ec="31" bec="0" bev="0" fileid="1" />
                <SequencePoint vc="1" uspid="94" ordinal="3" offset="16" sl="170" sc="13" el="170" ec="31" bec="0" bev="0" fileid="1" />
                <SequencePoint vc="1" uspid="95" ordinal="4" offset="24" sl="171" sc="13" el="171" ec="31" bec="0" bev="0" fileid="1" />
                <SequencePoint vc="1" uspid="96" ordinal="5" offset="32" sl="172" sc="13" el="172" ec="31" bec="0" bev="0" fileid="1" />
                <SequencePoint vc="1" uspid="97" ordinal="6" offset="40" sl="173" sc="13" el="173" ec="31" bec="0" bev="0" fileid="1" />
                <SequencePoint vc="1" uspid="98" ordinal="7" offset="48" sl="174" sc="13" el="174" ec="31" bec="0" bev="0" fileid="1" />
                <SequencePoint vc="1" uspid="99" ordinal="8" offset="56" sl="176" sc="13" el="176" ec="43" bec="0" bev="0" fileid="1" />
                <SequencePoint vc="1" uspid="100" ordinal="9" offset="63" sl="177" sc="13" el="177" ec="39" bec="0" bev="0" fileid="1" />
                <SequencePoint vc="1" uspid="101" ordinal="10" offset="69" sl="178" sc="13" el="178" ec="39" bec="0" bev="0" fileid="1" />
                <SequencePoint vc="1" uspid="102" ordinal="11" offset="77" sl="181" sc="9" el="181" ec="10" bec="0" bev="0" fileid="1" />
              </SequencePoints>
              <BranchPoints />
              <MethodPoint xsi:type="SequencePoint" vc="1" uspid="91" ordinal="0" offset="0" sl="166" sc="9" el="166" ec="10" bec="0" bev="0" fileid="1" />
            </Method>
            <Method visited="true" cyclomaticComplexity="1" nPathComplexity="0" sequenceCoverage="100" branchCoverage="100" crapScore="1" isConstructor="false" isStatic="false" isGetter="false" isSetter="false">
              <Summary numSequencePoints="12" visitedSequencePoints="12" numBranchPoints="1" visitedBranchPoints="1" sequenceCoverage="100" branchCoverage="100" maxCyclomaticComplexity="1" minCyclomaticComplexity="1" maxCrapScore="1" minCrapScore="1" visitedClasses="0" numClasses="0" visitedMethods="1" numMethods="1" />
              <MetadataToken>100663308</MetadataToken>
              <Name>System.Void ce100_hw4_algo_test_cs.UnitTest1::BFS_TestMethod_3()</Name>
              <FileRef uid="1" />
              <SequencePoints>
                <SequencePoint vc="1" uspid="103" ordinal="0" offset="0" sl="188" sc="9" el="188" ec="10" bec="0" bev="0" fileid="1" />
                <SequencePoint vc="1" uspid="104" ordinal="1" offset="1" sl="189" sc="13" el="189" ec="26" bec="0" bev="0" fileid="1" />
                <SequencePoint vc="1" uspid="105" ordinal="2" offset="8" sl="191" sc="13" el="191" ec="31" bec="0" bev="0" fileid="1" />
                <SequencePoint vc="1" uspid="106" ordinal="3" offset="16" sl="192" sc="13" el="192" ec="31" bec="0" bev="0" fileid="1" />
                <SequencePoint vc="1" uspid="107" ordinal="4" offset="24" sl="193" sc="13" el="193" ec="31" bec="0" bev="0" fileid="1" />
                <SequencePoint vc="1" uspid="108" ordinal="5" offset="32" sl="194" sc="13" el="194" ec="31" bec="0" bev="0" fileid="1" />
                <SequencePoint vc="1" uspid="109" ordinal="6" offset="40" sl="195" sc="13" el="195" ec="31" bec="0" bev="0" fileid="1" />
                <SequencePoint vc="1" uspid="110" ordinal="7" offset="48" sl="196" sc="13" el="196" ec="31" bec="0" bev="0" fileid="1" />
                <SequencePoint vc="1" uspid="111" ordinal="8" offset="56" sl="198" sc="13" el="198" ec="43" bec="0" bev="0" fileid="1" />
                <SequencePoint vc="1" uspid="112" ordinal="9" offset="63" sl="199" sc="13" el="199" ec="39" bec="0" bev="0" fileid="1" />
                <SequencePoint vc="1" uspid="113" ordinal="10" offset="69" sl="200" sc="13" el="200" ec="39" bec="0" bev="0" fileid="1" />
                <SequencePoint vc="1" uspid="114" ordinal="11" offset="77" sl="203" sc="9" el="203" ec="10" bec="0" bev="0" fileid="1" />
              </SequencePoints>
              <BranchPoints />
              <MethodPoint xsi:type="SequencePoint" vc="1" uspid="103" ordinal="0" offset="0" sl="188" sc="9" el="188" ec="10" bec="0" bev="0" fileid="1" />
            </Method>
            <Method visited="true" cyclomaticComplexity="1" nPathComplexity="0" sequenceCoverage="100" branchCoverage="100" crapScore="1" isConstructor="false" isStatic="false" isGetter="false" isSetter="false">
              <Summary numSequencePoints="12" visitedSequencePoints="12" numBranchPoints="1" visitedBranchPoints="1" sequenceCoverage="100" branchCoverage="100" maxCyclomaticComplexity="1" minCyclomaticComplexity="1" maxCrapScore="1" minCrapScore="1" visitedClasses="0" numClasses="0" visitedMethods="1" numMethods="1" />
              <MetadataToken>100663309</MetadataToken>
              <Name>System.Void ce100_hw4_algo_test_cs.UnitTest1::Topological_Order_TestMethod_1()</Name>
              <FileRef uid="1" />
              <SequencePoints>
                <SequencePoint vc="1" uspid="115" ordinal="0" offset="0" sl="211" sc="9" el="211" ec="10" bec="0" bev="0" fileid="1" />
                <SequencePoint vc="1" uspid="116" ordinal="1" offset="1" sl="212" sc="13" el="212" ec="40" bec="0" bev="0" fileid="1" />
                <SequencePoint vc="1" uspid="117" ordinal="2" offset="8" sl="213" sc="13" el="213" ec="45" bec="0" bev="0" fileid="1" />
                <SequencePoint vc="1" uspid="118" ordinal="3" offset="16" sl="214" sc="13" el="214" ec="45" bec="0" bev="0" fileid="1" />
                <SequencePoint vc="1" uspid="119" ordinal="4" offset="24" sl="215" sc="13" el="215" ec="45" bec="0" bev="0" fileid="1" />
                <SequencePoint vc="1" uspid="120" ordinal="5" offset="32" sl="216" sc="13" el="216" ec="45" bec="0" bev="0" fileid="1" />
                <SequencePoint vc="1" uspid="121" ordinal="6" offset="40" sl="217" sc="13" el="217" ec="45" bec="0" bev="0" fileid="1" />
                <SequencePoint vc="1" uspid="122" ordinal="7" offset="48" sl="218" sc="13" el="218" ec="45" bec="0" bev="0" fileid="1" />
                <SequencePoint vc="1" uspid="123" ordinal="8" offset="56" sl="221" sc="13" el="221" ec="62" bec="0" bev="0" fileid="1" />
                <SequencePoint vc="1" uspid="124" ordinal="9" offset="62" sl="222" sc="13" el="222" ec="45" bec="0" bev="0" fileid="1" />
                <SequencePoint vc="1" uspid="125" ordinal="10" offset="68" sl="223" sc="13" el="223" ec="39" bec="0" bev="0" fileid="1" />
                <SequencePoint vc="1" uspid="126" ordinal="11" offset="76" sl="224" sc="9" el="224" ec="10" bec="0" bev="0" fileid="1" />
              </SequencePoints>
              <BranchPoints />
              <MethodPoint xsi:type="SequencePoint" vc="1" uspid="115" ordinal="0" offset="0" sl="211" sc="9" el="211" ec="10" bec="0" bev="0" fileid="1" />
            </Method>
            <Method visited="true" cyclomaticComplexity="1" nPathComplexity="0" sequenceCoverage="100" branchCoverage="100" crapScore="1" isConstructor="false" isStatic="false" isGetter="false" isSetter="false">
              <Summary numSequencePoints="12" visitedSequencePoints="12" numBranchPoints="1" visitedBranchPoints="1" sequenceCoverage="100" branchCoverage="100" maxCyclomaticComplexity="1" minCyclomaticComplexity="1" maxCrapScore="1" minCrapScore="1" visitedClasses="0" numClasses="0" visitedMethods="1" numMethods="1" />
              <MetadataToken>100663310</MetadataToken>
              <Name>System.Void ce100_hw4_algo_test_cs.UnitTest1::Topological_Order_TestMethod_2()</Name>
              <FileRef uid="1" />
              <SequencePoints>
                <SequencePoint vc="1" uspid="127" ordinal="0" offset="0" sl="229" sc="9" el="229" ec="10" bec="0" bev="0" fileid="1" />
                <SequencePoint vc="1" uspid="128" ordinal="1" offset="1" sl="230" sc="13" el="230" ec="40" bec="0" bev="0" fileid="1" />
                <SequencePoint vc="1" uspid="129" ordinal="2" offset="8" sl="231" sc="13" el="231" ec="45" bec="0" bev="0" fileid="1" />
                <SequencePoint vc="1" uspid="130" ordinal="3" offset="16" sl="232" sc="13" el="232" ec="45" bec="0" bev="0" fileid="1" />
                <SequencePoint vc="1" uspid="131" ordinal="4" offset="24" sl="233" sc="13" el="233" ec="45" bec="0" bev="0" fileid="1" />
                <SequencePoint vc="1" uspid="132" ordinal="5" offset="32" sl="234" sc="13" el="234" ec="45" bec="0" bev="0" fileid="1" />
                <SequencePoint vc="1" uspid="133" ordinal="6" offset="40" sl="235" sc="13" el="235" ec="45" bec="0" bev="0" fileid="1" />
                <SequencePoint vc="1" uspid="134" ordinal="7" offset="48" sl="236" sc="13" el="236" ec="45" bec="0" bev="0" fileid="1" />
                <SequencePoint vc="1" uspid="135" ordinal="8" offset="56" sl="239" sc="13" el="239" ec="62" bec="0" bev="0" fileid="1" />
                <SequencePoint vc="1" uspid="136" ordinal="9" offset="62" sl="240" sc="13" el="240" ec="45" bec="0" bev="0" fileid="1" />
                <SequencePoint vc="1" uspid="137" ordinal="10" offset="68" sl="241" sc="13" el="241" ec="39" bec="0" bev="0" fileid="1" />
                <SequencePoint vc="1" uspid="138" ordinal="11" offset="76" sl="242" sc="9" el="242" ec="10" bec="0" bev="0" fileid="1" />
              </SequencePoints>
              <BranchPoints />
              <MethodPoint xsi:type="SequencePoint" vc="1" uspid="127" ordinal="0" offset="0" sl="229" sc="9" el="229" ec="10" bec="0" bev="0" fileid="1" />
            </Method>
            <Method visited="true" cyclomaticComplexity="1" nPathComplexity="0" sequenceCoverage="100" branchCoverage="100" crapScore="1" isConstructor="false" isStatic="false" isGetter="false" isSetter="false">
              <Summary numSequencePoints="12" visitedSequencePoints="12" numBranchPoints="1" visitedBranchPoints="1" sequenceCoverage="100" branchCoverage="100" maxCyclomaticComplexity="1" minCyclomaticComplexity="1" maxCrapScore="1" minCrapScore="1" visitedClasses="0" numClasses="0" visitedMethods="1" numMethods="1" />
              <MetadataToken>100663311</MetadataToken>
              <Name>System.Void ce100_hw4_algo_test_cs.UnitTest1::Topological_Order_TestMethod_3()</Name>
              <FileRef uid="1" />
              <SequencePoints>
                <SequencePoint vc="1" uspid="139" ordinal="0" offset="0" sl="249" sc="9" el="249" ec="10" bec="0" bev="0" fileid="1" />
                <SequencePoint vc="1" uspid="140" ordinal="1" offset="1" sl="250" sc="13" el="250" ec="40" bec="0" bev="0" fileid="1" />
                <SequencePoint vc="1" uspid="141" ordinal="2" offset="8" sl="251" sc="13" el="251" ec="45" bec="0" bev="0" fileid="1" />
                <SequencePoint vc="1" uspid="142" ordinal="3" offset="16" sl="252" sc="13" el="252" ec="45" bec="0" bev="0" fileid="1" />
                <SequencePoint vc="1" uspid="143" ordinal="4" offset="24" sl="253" sc="13" el="253" ec="45" bec="0" bev="0" fileid="1" />
                <SequencePoint vc="1" uspid="144" ordinal="5" offset="32" sl="254" sc="13" el="254" ec="45" bec="0" bev="0" fileid="1" />
                <SequencePoint vc="1" uspid="145" ordinal="6" offset="40" sl="255" sc="13" el="255" ec="45" bec="0" bev="0" fileid="1" />
                <SequencePoint vc="1" uspid="146" ordinal="7" offset="48" sl="256" sc="13" el="256" ec="45" bec="0" bev="0" fileid="1" />
                <SequencePoint vc="1" uspid="147" ordinal="8" offset="56" sl="259" sc="13" el="259" ec="62" bec="0" bev="0" fileid="1" />
                <SequencePoint vc="1" uspid="148" ordinal="9" offset="62" sl="260" sc="13" el="260" ec="45" bec="0" bev="0" fileid="1" />
                <SequencePoint vc="1" uspid="149" ordinal="10" offset="68" sl="261" sc="13" el="261" ec="39" bec="0" bev="0" fileid="1" />
                <SequencePoint vc="1" uspid="150" ordinal="11" offset="76" sl="262" sc="9" el="262" ec="10" bec="0" bev="0" fileid="1" />
              </SequencePoints>
              <BranchPoints />
              <MethodPoint xsi:type="SequencePoint" vc="1" uspid="139" ordinal="0" offset="0" sl="249" sc="9" el="249" ec="10" bec="0" bev="0" fileid="1" />
            </Method>
            <Method visited="true" cyclomaticComplexity="1" nPathComplexity="0" sequenceCoverage="100" branchCoverage="100" crapScore="1" isConstructor="false" isStatic="false" isGetter="false" isSetter="false">
              <Summary numSequencePoints="11" visitedSequencePoints="11" numBranchPoints="1" visitedBranchPoints="1" sequenceCoverage="100" branchCoverage="100" maxCyclomaticComplexity="1" minCyclomaticComplexity="1" maxCrapScore="1" minCrapScore="1" visitedClasses="0" numClasses="0" visitedMethods="1" numMethods="1" />
              <MetadataToken>100663312</MetadataToken>
              <Name>System.Void ce100_hw4_algo_test_cs.UnitTest1::DFS_TestMethod_1()</Name>
              <FileRef uid="1" />
              <SequencePoints>
                <SequencePoint vc="1" uspid="151" ordinal="0" offset="0" sl="269" sc="9" el="269" ec="10" bec="0" bev="0" fileid="1" />
                <SequencePoint vc="1" uspid="152" ordinal="1" offset="1" sl="270" sc="13" el="270" ec="26" bec="0" bev="0" fileid="1" />
                <SequencePoint vc="1" uspid="153" ordinal="2" offset="8" sl="272" sc="13" el="272" ec="31" bec="0" bev="0" fileid="1" />
                <SequencePoint vc="1" uspid="154" ordinal="3" offset="16" sl="273" sc="13" el="273" ec="31" bec="0" bev="0" fileid="1" />
                <SequencePoint vc="1" uspid="155" ordinal="4" offset="24" sl="274" sc="13" el="274" ec="31" bec="0" bev="0" fileid="1" />
                <SequencePoint vc="1" uspid="156" ordinal="5" offset="32" sl="275" sc="13" el="275" ec="31" bec="0" bev="0" fileid="1" />
                <SequencePoint vc="1" uspid="157" ordinal="6" offset="40" sl="276" sc="13" el="276" ec="31" bec="0" bev="0" fileid="1" />
                <SequencePoint vc="1" uspid="158" ordinal="7" offset="48" sl="277" sc="13" el="277" ec="31" bec="0" bev="0" fileid="1" />
                <SequencePoint vc="1" uspid="159" ordinal="8" offset="56" sl="278" sc="13" el="278" ec="43" bec="0" bev="0" fileid="1" />
                <SequencePoint vc="1" uspid="160" ordinal="9" offset="63" sl="279" sc="13" el="279" ec="48" bec="0" bev="0" fileid="1" />
                <SequencePoint vc="1" uspid="161" ordinal="10" offset="75" sl="280" sc="9" el="280" ec="10" bec="0" bev="0" fileid="1" />
              </SequencePoints>
              <BranchPoints />
              <MethodPoint xsi:type="SequencePoint" vc="1" uspid="151" ordinal="0" offset="0" sl="269" sc="9" el="269" ec="10" bec="0" bev="0" fileid="1" />
            </Method>
            <Method visited="true" cyclomaticComplexity="1" nPathComplexity="0" sequenceCoverage="100" branchCoverage="100" crapScore="1" isConstructor="false" isStatic="false" isGetter="false" isSetter="false">
              <Summary numSequencePoints="11" visitedSequencePoints="11" numBranchPoints="1" visitedBranchPoints="1" sequenceCoverage="100" branchCoverage="100" maxCyclomaticComplexity="1" minCyclomaticComplexity="1" maxCrapScore="1" minCrapScore="1" visitedClasses="0" numClasses="0" visitedMethods="1" numMethods="1" />
              <MetadataToken>100663313</MetadataToken>
              <Name>System.Void ce100_hw4_algo_test_cs.UnitTest1::DFS_TestMethod_2()</Name>
              <FileRef uid="1" />
              <SequencePoints>
                <SequencePoint vc="1" uspid="162" ordinal="0" offset="0" sl="286" sc="9" el="286" ec="10" bec="0" bev="0" fileid="1" />
                <SequencePoint vc="1" uspid="163" ordinal="1" offset="1" sl="287" sc="13" el="287" ec="26" bec="0" bev="0" fileid="1" />
                <SequencePoint vc="1" uspid="164" ordinal="2" offset="8" sl="289" sc="13" el="289" ec="31" bec="0" bev="0" fileid="1" />
                <SequencePoint vc="1" uspid="165" ordinal="3" offset="16" sl="290" sc="13" el="290" ec="31" bec="0" bev="0" fileid="1" />
                <SequencePoint vc="1" uspid="166" ordinal="4" offset="24" sl="291" sc="13" el="291" ec="31" bec="0" bev="0" fileid="1" />
                <SequencePoint vc="1" uspid="167" ordinal="5" offset="32" sl="292" sc="13" el="292" ec="31" bec="0" bev="0" fileid="1" />
                <SequencePoint vc="1" uspid="168" ordinal="6" offset="40" sl="293" sc="13" el="293" ec="31" bec="0" bev="0" fileid="1" />
                <SequencePoint vc="1" uspid="169" ordinal="7" offset="48" sl="294" sc="13" el="294" ec="31" bec="0" bev="0" fileid="1" />
                <SequencePoint vc="1" uspid="170" ordinal="8" offset="56" sl="295" sc="13" el="295" ec="43" bec="0" bev="0" fileid="1" />
                <SequencePoint vc="1" uspid="171" ordinal="9" offset="63" sl="296" sc="13" el="296" ec="48" bec="0" bev="0" fileid="1" />
                <SequencePoint vc="1" uspid="172" ordinal="10" offset="75" sl="297" sc="9" el="297" ec="10" bec="0" bev="0" fileid="1" />
              </SequencePoints>
              <BranchPoints />
              <MethodPoint xsi:type="SequencePoint" vc="1" uspid="162" ordinal="0" offset="0" sl="286" sc="9" el="286" ec="10" bec="0" bev="0" fileid="1" />
            </Method>
            <Method visited="true" cyclomaticComplexity="1" nPathComplexity="0" sequenceCoverage="100" branchCoverage="100" crapScore="1" isConstructor="false" isStatic="false" isGetter="false" isSetter="false">
              <Summary numSequencePoints="11" visitedSequencePoints="11" numBranchPoints="1" visitedBranchPoints="1" sequenceCoverage="100" branchCoverage="100" maxCyclomaticComplexity="1" minCyclomaticComplexity="1" maxCrapScore="1" minCrapScore="1" visitedClasses="0" numClasses="0" visitedMethods="1" numMethods="1" />
              <MetadataToken>100663314</MetadataToken>
              <Name>System.Void ce100_hw4_algo_test_cs.UnitTest1::DFS_TestMethod_3()</Name>
              <FileRef uid="1" />
              <SequencePoints>
                <SequencePoint vc="1" uspid="173" ordinal="0" offset="0" sl="303" sc="9" el="303" ec="10" bec="0" bev="0" fileid="1" />
                <SequencePoint vc="1" uspid="174" ordinal="1" offset="1" sl="304" sc="13" el="304" ec="26" bec="0" bev="0" fileid="1" />
                <SequencePoint vc="1" uspid="175" ordinal="2" offset="8" sl="306" sc="13" el="306" ec="31" bec="0" bev="0" fileid="1" />
                <SequencePoint vc="1" uspid="176" ordinal="3" offset="16" sl="307" sc="13" el="307" ec="31" bec="0" bev="0" fileid="1" />
                <SequencePoint vc="1" uspid="177" ordinal="4" offset="24" sl="308" sc="13" el="308" ec="31" bec="0" bev="0" fileid="1" />
                <SequencePoint vc="1" uspid="178" ordinal="5" offset="32" sl="309" sc="13" el="309" ec="31" bec="0" bev="0" fileid="1" />
                <SequencePoint vc="1" uspid="179" ordinal="6" offset="40" sl="310" sc="13" el="310" ec="31" bec="0" bev="0" fileid="1" />
                <SequencePoint vc="1" uspid="180" ordinal="7" offset="48" sl="311" sc="13" el="311" ec="31" bec="0" bev="0" fileid="1" />
                <SequencePoint vc="1" uspid="181" ordinal="8" offset="56" sl="312" sc="13" el="312" ec="43" bec="0" bev="0" fileid="1" />
                <SequencePoint vc="1" uspid="182" ordinal="9" offset="63" sl="313" sc="13" el="313" ec="48" bec="0" bev="0" fileid="1" />
                <SequencePoint vc="1" uspid="183" ordinal="10" offset="75" sl="314" sc="9" el="314" ec="10" bec="0" bev="0" fileid="1" />
              </SequencePoints>
              <BranchPoints />
              <MethodPoint xsi:type="SequencePoint" vc="1" uspid="173" ordinal="0" offset="0" sl="303" sc="9" el="303" ec="10" bec="0" bev="0" fileid="1" />
            </Method>
            <Method visited="true" cyclomaticComplexity="1" nPathComplexity="0" sequenceCoverage="100" branchCoverage="100" crapScore="1" isConstructor="false" isStatic="false" isGetter="false" isSetter="false">
              <Summary numSequencePoints="13" visitedSequencePoints="13" numBranchPoints="1" visitedBranchPoints="1" sequenceCoverage="100" branchCoverage="100" maxCyclomaticComplexity="1" minCyclomaticComplexity="1" maxCrapScore="1" minCrapScore="1" visitedClasses="0" numClasses="0" visitedMethods="1" numMethods="1" />
              <MetadataToken>100663315</MetadataToken>
              <Name>System.Void ce100_hw4_algo_test_cs.UnitTest1::SCCProblem_test1()</Name>
              <FileRef uid="1" />
              <SequencePoints>
                <SequencePoint vc="1" uspid="184" ordinal="0" offset="0" sl="319" sc="9" el="319" ec="10" bec="0" bev="0" fileid="1" />
                <SequencePoint vc="1" uspid="185" ordinal="1" offset="1" sl="320" sc="13" el="320" ec="46" bec="0" bev="0" fileid="1" />
                <SequencePoint vc="1" uspid="186" ordinal="2" offset="8" sl="321" sc="13" el="321" ec="29" bec="0" bev="0" fileid="1" />
                <SequencePoint vc="1" uspid="187" ordinal="3" offset="17" sl="322" sc="13" el="322" ec="29" bec="0" bev="0" fileid="1" />
                <SequencePoint vc="1" uspid="188" ordinal="4" offset="26" sl="323" sc="13" el="323" ec="29" bec="0" bev="0" fileid="1" />
                <SequencePoint vc="1" uspid="189" ordinal="5" offset="35" sl="324" sc="13" el="324" ec="34" bec="0" bev="0" fileid="1" />
                <SequencePoint vc="1" uspid="190" ordinal="6" offset="42" sl="325" sc="13" el="325" ec="47" bec="0" bev="0" fileid="1" />
                <SequencePoint vc="1" uspid="191" ordinal="7" offset="49" sl="326" sc="13" el="326" ec="30" bec="0" bev="0" fileid="1" />
                <SequencePoint vc="1" uspid="192" ordinal="8" offset="58" sl="327" sc="13" el="327" ec="30" bec="0" bev="0" fileid="1" />
                <SequencePoint vc="1" uspid="193" ordinal="9" offset="67" sl="328" sc="13" el="328" ec="30" bec="0" bev="0" fileid="1" />
                <SequencePoint vc="1" uspid="194" ordinal="10" offset="76" sl="329" sc="13" el="329" ec="37" bec="0" bev="0" fileid="1" />
                <SequencePoint vc="1" uspid="195" ordinal="11" offset="83" sl="330" sc="13" el="330" ec="47" bec="0" bev="0" fileid="1" />
                <SequencePoint vc="1" uspid="196" ordinal="12" offset="91" sl="331" sc="9" el="331" ec="10" bec="0" bev="0" fileid="1" />
              </SequencePoints>
              <BranchPoints />
              <MethodPoint xsi:type="SequencePoint" vc="1" uspid="184" ordinal="0" offset="0" sl="319" sc="9" el="319" ec="10" bec="0" bev="0" fileid="1" />
            </Method>
            <Method visited="true" cyclomaticComplexity="1" nPathComplexity="0" sequenceCoverage="100" branchCoverage="100" crapScore="1" isConstructor="false" isStatic="false" isGetter="false" isSetter="false">
              <Summary numSequencePoints="13" visitedSequencePoints="13" numBranchPoints="1" visitedBranchPoints="1" sequenceCoverage="100" branchCoverage="100" maxCyclomaticComplexity="1" minCyclomaticComplexity="1" maxCrapScore="1" minCrapScore="1" visitedClasses="0" numClasses="0" visitedMethods="1" numMethods="1" />
              <MetadataToken>100663316</MetadataToken>
              <Name>System.Void ce100_hw4_algo_test_cs.UnitTest1::SCCProblem_test2()</Name>
              <FileRef uid="1" />
              <SequencePoints>
                <SequencePoint vc="1" uspid="197" ordinal="0" offset="0" sl="337" sc="9" el="337" ec="10" bec="0" bev="0" fileid="1" />
                <SequencePoint vc="1" uspid="198" ordinal="1" offset="1" sl="338" sc="13" el="338" ec="46" bec="0" bev="0" fileid="1" />
                <SequencePoint vc="1" uspid="199" ordinal="2" offset="8" sl="339" sc="13" el="339" ec="29" bec="0" bev="0" fileid="1" />
                <SequencePoint vc="1" uspid="200" ordinal="3" offset="17" sl="340" sc="13" el="340" ec="29" bec="0" bev="0" fileid="1" />
                <SequencePoint vc="1" uspid="201" ordinal="4" offset="26" sl="341" sc="13" el="341" ec="29" bec="0" bev="0" fileid="1" />
                <SequencePoint vc="1" uspid="202" ordinal="5" offset="35" sl="342" sc="13" el="342" ec="34" bec="0" bev="0" fileid="1" />
                <SequencePoint vc="1" uspid="203" ordinal="6" offset="42" sl="343" sc="13" el="343" ec="47" bec="0" bev="0" fileid="1" />
                <SequencePoint vc="1" uspid="204" ordinal="7" offset="49" sl="344" sc="13" el="344" ec="30" bec="0" bev="0" fileid="1" />
                <SequencePoint vc="1" uspid="205" ordinal="8" offset="58" sl="345" sc="13" el="345" ec="30" bec="0" bev="0" fileid="1" />
                <SequencePoint vc="1" uspid="206" ordinal="9" offset="67" sl="346" sc="13" el="346" ec="30" bec="0" bev="0" fileid="1" />
                <SequencePoint vc="1" uspid="207" ordinal="10" offset="76" sl="347" sc="13" el="347" ec="37" bec="0" bev="0" fileid="1" />
                <SequencePoint vc="1" uspid="208" ordinal="11" offset="83" sl="348" sc="13" el="348" ec="47" bec="0" bev="0" fileid="1" />
                <SequencePoint vc="1" uspid="209" ordinal="12" offset="91" sl="349" sc="9" el="349" ec="10" bec="0" bev="0" fileid="1" />
              </SequencePoints>
              <BranchPoints />
              <MethodPoint xsi:type="SequencePoint" vc="1" uspid="197" ordinal="0" offset="0" sl="337" sc="9" el="337" ec="10" bec="0" bev="0" fileid="1" />
            </Method>
            <Method visited="true" cyclomaticComplexity="1" nPathComplexity="0" sequenceCoverage="100" branchCoverage="100" crapScore="1" isConstructor="false" isStatic="false" isGetter="false" isSetter="false">
              <Summary numSequencePoints="13" visitedSequencePoints="13" numBranchPoints="1" visitedBranchPoints="1" sequenceCoverage="100" branchCoverage="100" maxCyclomaticComplexity="1" minCyclomaticComplexity="1" maxCrapScore="1" minCrapScore="1" visitedClasses="0" numClasses="0" visitedMethods="1" numMethods="1" />
              <MetadataToken>100663317</MetadataToken>
              <Name>System.Void ce100_hw4_algo_test_cs.UnitTest1::SCCProblem_test3()</Name>
              <FileRef uid="1" />
              <SequencePoints>
                <SequencePoint vc="1" uspid="210" ordinal="0" offset="0" sl="356" sc="9" el="356" ec="10" bec="0" bev="0" fileid="1" />
                <SequencePoint vc="1" uspid="211" ordinal="1" offset="1" sl="357" sc="13" el="357" ec="46" bec="0" bev="0" fileid="1" />
                <SequencePoint vc="1" uspid="212" ordinal="2" offset="8" sl="358" sc="13" el="358" ec="29" bec="0" bev="0" fileid="1" />
                <SequencePoint vc="1" uspid="213" ordinal="3" offset="17" sl="359" sc="13" el="359" ec="29" bec="0" bev="0" fileid="1" />
                <SequencePoint vc="1" uspid="214" ordinal="4" offset="26" sl="360" sc="13" el="360" ec="29" bec="0" bev="0" fileid="1" />
                <SequencePoint vc="1" uspid="215" ordinal="5" offset="35" sl="361" sc="13" el="361" ec="34" bec="0" bev="0" fileid="1" />
                <SequencePoint vc="1" uspid="216" ordinal="6" offset="42" sl="362" sc="13" el="362" ec="47" bec="0" bev="0" fileid="1" />
                <SequencePoint vc="1" uspid="217" ordinal="7" offset="49" sl="363" sc="13" el="363" ec="30" bec="0" bev="0" fileid="1" />
                <SequencePoint vc="1" uspid="218" ordinal="8" offset="58" sl="364" sc="13" el="364" ec="30" bec="0" bev="0" fileid="1" />
                <SequencePoint vc="1" uspid="219" ordinal="9" offset="67" sl="365" sc="13" el="365" ec="30" bec="0" bev="0" fileid="1" />
                <SequencePoint vc="1" uspid="220" ordinal="10" offset="76" sl="366" sc="13" el="366" ec="37" bec="0" bev="0" fileid="1" />
                <SequencePoint vc="1" uspid="221" ordinal="11" offset="83" sl="367" sc="13" el="367" ec="47" bec="0" bev="0" fileid="1" />
                <SequencePoint vc="1" uspid="222" ordinal="12" offset="91" sl="368" sc="9" el="368" ec="10" bec="0" bev="0" fileid="1" />
              </SequencePoints>
              <BranchPoints />
              <MethodPoint xsi:type="SequencePoint" vc="1" uspid="210" ordinal="0" offset="0" sl="356" sc="9" el="356" ec="10" bec="0" bev="0" fileid="1" />
            </Method>
            <Method visited="false" cyclomaticComplexity="1" nPathComplexity="0" sequenceCoverage="0" branchCoverage="0" crapScore="2" isConstructor="true" isStatic="false" isGetter="false" isSetter="false">
              <Summary numSequencePoints="0" visitedSequencePoints="0" numBranchPoints="0" visitedBranchPoints="0" sequenceCoverage="0" branchCoverage="0" maxCyclomaticComplexity="1" minCyclomaticComplexity="1" maxCrapScore="2" minCrapScore="2" visitedClasses="0" numClasses="0" visitedMethods="0" numMethods="0" />
              <MetadataToken>100663318</MetadataToken>
              <Name>System.Void ce100_hw4_algo_test_cs.UnitTest1::.ctor()</Name>
              <SequencePoints />
              <BranchPoints />
              <MethodPoint vc="0" uspid="223" ordinal="0" offset="0" />
            </Method>
          </Methods>
        </Class>
      </Classes>
    </Module>
    <Module hash="4D-9E-4B-1B-3B-B4-79-12-39-E2-56-03-D1-A3-3A-FB-01-2F-AA-BB">
      <Summary numSequencePoints="259" visitedSequencePoints="259" numBranchPoints="87" visitedBranchPoints="86" sequenceCoverage="100" branchCoverage="98.85" maxCyclomaticComplexity="9" minCyclomaticComplexity="1" maxCrapScore="9" minCrapScore="1" visitedClasses="7" numClasses="7" visitedMethods="17" numMethods="17" />
      <ModulePath>C:\Users\Lenova\Desktop\ce100-hw4-rabia-süme\ce100-hw4-sln\ce100-hw4-algo-test-cs\bin\Debug\fine-code-coverage\build-output\ce100-hw4-algo-lib-cs.dll</ModulePath>
      <ModuleTime>2022-05-16T16:06:20.7808315Z</ModuleTime>
      <ModuleName>ce100-hw4-algo-lib-cs</ModuleName>
      <Files>
        <File uid="3" fullPath="C:\Users\Lenova\Desktop\ce100-hw4-rabia-süme\ce100-hw4-sln\ce100-hw4-algo-lib-cs\Activity_Selection1.cs" />
        <File uid="4" fullPath="C:\Users\Lenova\Desktop\ce100-hw4-rabia-süme\ce100-hw4-sln\ce100-hw4-algo-lib-cs\SCC.cs" />
        <File uid="5" fullPath="C:\Users\Lenova\Desktop\ce100-hw4-rabia-süme\ce100-hw4-sln\ce100-hw4-algo-lib-cs\Knapsack1.cs" />
        <File uid="6" fullPath="C:\Users\Lenova\Desktop\ce100-hw4-rabia-süme\ce100-hw4-sln\ce100-hw4-algo-lib-cs\Knapsack2.cs" />
        <File uid="7" fullPath="C:\Users\Lenova\Desktop\ce100-hw4-rabia-süme\ce100-hw4-sln\ce100-hw4-algo-lib-cs\BFS.cs" />
        <File uid="8" fullPath="C:\Users\Lenova\Desktop\ce100-hw4-rabia-süme\ce100-hw4-sln\ce100-hw4-algo-lib-cs\DFS.cs" />
        <File uid="9" fullPath="C:\Users\Lenova\Desktop\ce100-hw4-rabia-süme\ce100-hw4-sln\ce100-hw4-algo-lib-cs\Topological_Order.cs" />
      </Files>
      <Classes>
        <Class>
          <Summary numSequencePoints="16" visitedSequencePoints="16" numBranchPoints="5" visitedBranchPoints="5" sequenceCoverage="100" branchCoverage="100" maxCyclomaticComplexity="3" minCyclomaticComplexity="1" maxCrapScore="3" minCrapScore="2" visitedClasses="1" numClasses="1" visitedMethods="1" numMethods="1" />
          <FullName>ce100_hw4_algo_lib_cs.Activity_Selection1</FullName>
          <Methods>
            <Method visited="true" cyclomaticComplexity="3" nPathComplexity="4" sequenceCoverage="100" branchCoverage="100" crapScore="3" isConstructor="false" isStatic="true" isGetter="false" isSetter="false">
              <Summary numSequencePoints="16" visitedSequencePoints="16" numBranchPoints="5" visitedBranchPoints="5" sequenceCoverage="100" branchCoverage="100" maxCyclomaticComplexity="3" minCyclomaticComplexity="3" maxCrapScore="3" minCrapScore="3" visitedClasses="0" numClasses="0" visitedMethods="1" numMethods="1" />
              <MetadataToken>100663297</MetadataToken>
              <Name>System.String ce100_hw4_algo_lib_cs.Activity_Selection1::ActivitySelectionPrintMaxActivitie(System.Int32[],System.Int32[],System.Int32)</Name>
              <FileRef uid="3" />
              <SequencePoints>
                <SequencePoint vc="3" uspid="224" ordinal="0" offset="0" sl="47" sc="9" el="47" ec="10" bec="0" bev="0" fileid="3" />
                <SequencePoint vc="3" uspid="225" ordinal="1" offset="1" sl="52" sc="13" el="52" ec="19" bec="0" bev="0" fileid="3" />
                <SequencePoint vc="3" uspid="226" ordinal="2" offset="3" sl="53" sc="13" el="53" ec="36" bec="0" bev="0" fileid="3" />
                <SequencePoint vc="3" uspid="227" ordinal="3" offset="26" sl="54" sc="13" el="54" ec="29" bec="0" bev="0" fileid="3" />
                <SequencePoint vc="3" uspid="228" ordinal="4" offset="32" sl="56" sc="18" el="56" ec="23" bec="0" bev="0" fileid="3" />
                <SequencePoint vc="15" uspid="229" ordinal="5" offset="36" sl="57" sc="13" el="57" ec="14" bec="0" bev="0" fileid="3" />
                <SequencePoint vc="15" uspid="230" ordinal="6" offset="37" sl="61" sc="17" el="61" ec="38" bec="2" bev="2" fileid="3" />
                <SequencePoint vc="10" uspid="231" ordinal="7" offset="52" sl="62" sc="17" el="62" ec="18" bec="0" bev="0" fileid="3" />
                <SequencePoint vc="10" uspid="232" ordinal="8" offset="53" sl="63" sc="21" el="63" ec="36" bec="0" bev="0" fileid="3" />
                <SequencePoint vc="10" uspid="233" ordinal="9" offset="71" sl="64" sc="21" el="64" ec="27" bec="0" bev="0" fileid="3" />
                <SequencePoint vc="10" uspid="234" ordinal="10" offset="73" sl="65" sc="17" el="65" ec="18" bec="0" bev="0" fileid="3" />
                <SequencePoint vc="15" uspid="235" ordinal="11" offset="74" sl="66" sc="13" el="66" ec="14" bec="0" bev="0" fileid="3" />
                <SequencePoint vc="15" uspid="236" ordinal="12" offset="75" sl="56" sc="34" el="56" ec="37" bec="0" bev="0" fileid="3" />
                <SequencePoint vc="18" uspid="237" ordinal="13" offset="79" sl="56" sc="25" el="56" ec="32" bec="2" bev="2" fileid="3" />
                <SequencePoint vc="3" uspid="238" ordinal="14" offset="89" sl="68" sc="13" el="68" ec="47" bec="0" bev="0" fileid="3" />
                <SequencePoint vc="3" uspid="239" ordinal="15" offset="107" sl="69" sc="9" el="69" ec="10" bec="0" bev="0" fileid="3" />
              </SequencePoints>
              <BranchPoints>
                <BranchPoint vc="10" uspid="240" ordinal="0" offset="50" sl="61" path="0" offsetend="52" fileid="3" />
                <BranchPoint vc="5" uspid="241" ordinal="1" offset="50" sl="61" path="1" offsetend="74" fileid="3" />
                <BranchPoint vc="3" uspid="242" ordinal="2" offset="87" sl="56" path="0" offsetend="89" fileid="3" />
                <BranchPoint vc="15" uspid="243" ordinal="3" offset="87" sl="56" path="1" offsetend="36" fileid="3" />
              </BranchPoints>
              <MethodPoint xsi:type="SequencePoint" vc="3" uspid="224" ordinal="0" offset="0" sl="47" sc="9" el="47" ec="10" bec="0" bev="0" fileid="3" />
            </Method>
            <Method visited="false" cyclomaticComplexity="1" nPathComplexity="0" sequenceCoverage="0" branchCoverage="0" crapScore="2" isConstructor="true" isStatic="false" isGetter="false" isSetter="false">
              <Summary numSequencePoints="0" visitedSequencePoints="0" numBranchPoints="0" visitedBranchPoints="0" sequenceCoverage="0" branchCoverage="0" maxCyclomaticComplexity="1" minCyclomaticComplexity="1" maxCrapScore="2" minCrapScore="2" visitedClasses="0" numClasses="0" visitedMethods="0" numMethods="0" />
              <MetadataToken>100663298</MetadataToken>
              <Name>System.Void ce100_hw4_algo_lib_cs.Activity_Selection1::.ctor()</Name>
              <SequencePoints />
              <BranchPoints />
              <MethodPoint vc="0" uspid="244" ordinal="0" offset="0" />
            </Method>
          </Methods>
        </Class>
        <Class>
          <Summary numSequencePoints="66" visitedSequencePoints="66" numBranchPoints="20" visitedBranchPoints="20" sequenceCoverage="100" branchCoverage="100" maxCyclomaticComplexity="6" minCyclomaticComplexity="1" maxCrapScore="6" minCrapScore="1" visitedClasses="1" numClasses="1" visitedMethods="4" numMethods="4" />
          <FullName>ce100_hw4_algo_lib_cs.SCCProblem</FullName>
          <Methods>
            <Method visited="true" cyclomaticComplexity="1" nPathComplexity="0" sequenceCoverage="100" branchCoverage="100" crapScore="1" isConstructor="false" isStatic="false" isGetter="false" isSetter="false">
              <Summary numSequencePoints="3" visitedSequencePoints="3" numBranchPoints="1" visitedBranchPoints="1" sequenceCoverage="100" branchCoverage="100" maxCyclomaticComplexity="1" minCyclomaticComplexity="1" maxCrapScore="1" minCrapScore="1" visitedClasses="0" numClasses="0" visitedMethods="1" numMethods="1" />
              <MetadataToken>100663299</MetadataToken>
              <Name>System.Void ce100_hw4_algo_lib_cs.SCCProblem::addEdge(System.Int32,System.Int32)</Name>
              <FileRef uid="4" />
              <SequencePoints>
                <SequencePoint vc="18" uspid="245" ordinal="0" offset="0" sl="15" sc="9" el="15" ec="10" bec="0" bev="0" fileid="4" />
                <SequencePoint vc="18" uspid="246" ordinal="1" offset="1" sl="16" sc="13" el="16" ec="31" bec="0" bev="0" fileid="4" />
                <SequencePoint vc="18" uspid="247" ordinal="2" offset="16" sl="17" sc="9" el="17" ec="10" bec="0" bev="0" fileid="4" />
              </SequencePoints>
              <BranchPoints />
              <MethodPoint xsi:type="SequencePoint" vc="18" uspid="245" ordinal="0" offset="0" sl="15" sc="9" el="15" ec="10" bec="0" bev="0" fileid="4" />
            </Method>
            <Method visited="true" cyclomaticComplexity="2" nPathComplexity="2" sequenceCoverage="100" branchCoverage="100" crapScore="2" isConstructor="true" isStatic="false" isGetter="false" isSetter="false">
              <Summary numSequencePoints="11" visitedSequencePoints="11" numBranchPoints="3" visitedBranchPoints="3" sequenceCoverage="100" branchCoverage="100" maxCyclomaticComplexity="2" minCyclomaticComplexity="2" maxCrapScore="2" minCrapScore="2" visitedClasses="0" numClasses="0" visitedMethods="1" numMethods="1" />
              <MetadataToken>100663300</MetadataToken>
              <Name>System.Void ce100_hw4_algo_lib_cs.SCCProblem::.ctor(System.Int32)</Name>
              <FileRef uid="4" />
              <SequencePoints>
                <SequencePoint vc="6" uspid="248" ordinal="0" offset="0" sl="18" sc="9" el="18" ec="33" bec="0" bev="0" fileid="4" />
                <SequencePoint vc="6" uspid="249" ordinal="1" offset="7" sl="19" sc="9" el="19" ec="10" bec="0" bev="0" fileid="4" />
                <SequencePoint vc="6" uspid="250" ordinal="2" offset="8" sl="20" sc="13" el="20" ec="19" bec="0" bev="0" fileid="4" />
                <SequencePoint vc="6" uspid="251" ordinal="3" offset="15" sl="21" sc="13" el="21" ec="42" bec="0" bev="0" fileid="4" />
                <SequencePoint vc="6" uspid="252" ordinal="4" offset="27" sl="22" sc="18" el="22" ec="27" bec="0" bev="0" fileid="4" />
                <SequencePoint vc="24" uspid="253" ordinal="5" offset="31" sl="23" sc="13" el="23" ec="14" bec="0" bev="0" fileid="4" />
                <SequencePoint vc="24" uspid="254" ordinal="6" offset="32" sl="24" sc="17" el="24" ec="48" bec="0" bev="0" fileid="4" />
                <SequencePoint vc="24" uspid="255" ordinal="7" offset="45" sl="25" sc="13" el="25" ec="14" bec="0" bev="0" fileid="4" />
                <SequencePoint vc="24" uspid="256" ordinal="8" offset="46" sl="22" sc="36" el="22" ec="39" bec="0" bev="0" fileid="4" />
                <SequencePoint vc="30" uspid="257" ordinal="9" offset="50" sl="22" sc="29" el="22" ec="34" bec="2" bev="2" fileid="4" />
                <SequencePoint vc="6" uspid="258" ordinal="10" offset="58" sl="26" sc="9" el="26" ec="10" bec="0" bev="0" fileid="4" />
              </SequencePoints>
              <BranchPoints>
                <BranchPoint vc="6" uspid="259" ordinal="0" offset="56" sl="22" path="0" offsetend="58" fileid="4" />
                <BranchPoint vc="24" uspid="260" ordinal="1" offset="56" sl="22" path="1" offsetend="31" fileid="4" />
              </BranchPoints>
              <MethodPoint xsi:type="SequencePoint" vc="6" uspid="248" ordinal="0" offset="0" sl="18" sc="9" el="18" ec="33" bec="0" bev="0" fileid="4" />
            </Method>
            <Method visited="true" cyclomaticComplexity="6" nPathComplexity="16" sequenceCoverage="100" branchCoverage="100" crapScore="6" isConstructor="false" isStatic="false" isGetter="false" isSetter="false">
              <Summary numSequencePoints="29" visitedSequencePoints="29" numBranchPoints="9" visitedBranchPoints="9" sequenceCoverage="100" branchCoverage="100" maxCyclomaticComplexity="6" minCyclomaticComplexity="6" maxCrapScore="6" minCrapScore="6" visitedClasses="0" numClasses="0" visitedMethods="1" numMethods="1" />
              <MetadataToken>100663301</MetadataToken>
              <Name>System.Void ce100_hw4_algo_lib_cs.SCCProblem::SCCUtil(System.Int32,System.Int32[],System.Int32[],System.Boolean[],System.Collections.Generic.Stack`1&lt;System.Int32&gt;)</Name>
              <FileRef uid="4" />
              <SequencePoints>
                <SequencePoint vc="24" uspid="261" ordinal="0" offset="0" sl="28" sc="9" el="28" ec="10" bec="0" bev="0" fileid="4" />
                <SequencePoint vc="24" uspid="262" ordinal="1" offset="1" sl="29" sc="13" el="29" ec="39" bec="0" bev="0" fileid="4" />
                <SequencePoint vc="24" uspid="263" ordinal="2" offset="27" sl="30" sc="13" el="30" ec="27" bec="0" bev="0" fileid="4" />
                <SequencePoint vc="24" uspid="264" ordinal="3" offset="36" sl="31" sc="13" el="31" ec="35" bec="0" bev="0" fileid="4" />
                <SequencePoint vc="24" uspid="265" ordinal="4" offset="41" sl="32" sc="13" el="32" ec="20" bec="0" bev="0" fileid="4" />
                <SequencePoint vc="24" uspid="266" ordinal="5" offset="42" sl="32" sc="31" el="32" ec="37" bec="0" bev="0" fileid="4" />
                <SequencePoint vc="18" uspid="267" ordinal="6" offset="58" sl="32" sc="22" el="32" ec="27" bec="0" bev="0" fileid="4" />
                <SequencePoint vc="18" uspid="268" ordinal="7" offset="66" sl="33" sc="13" el="33" ec="14" bec="0" bev="0" fileid="4" />
                <SequencePoint vc="18" uspid="269" ordinal="8" offset="67" sl="34" sc="17" el="34" ec="35" bec="2" bev="2" fileid="4" />
                <SequencePoint vc="12" uspid="270" ordinal="9" offset="77" sl="35" sc="17" el="35" ec="18" bec="0" bev="0" fileid="4" />
                <SequencePoint vc="12" uspid="271" ordinal="10" offset="78" sl="36" sc="21" el="36" ec="63" bec="0" bev="0" fileid="4" />
                <SequencePoint vc="12" uspid="272" ordinal="11" offset="92" sl="37" sc="21" el="37" ec="55" bec="0" bev="0" fileid="4" />
                <SequencePoint vc="12" uspid="273" ordinal="12" offset="106" sl="38" sc="17" el="38" ec="18" bec="0" bev="0" fileid="4" />
                <SequencePoint vc="6" uspid="274" ordinal="13" offset="109" sl="39" sc="22" el="39" ec="41" bec="2" bev="2" fileid="4" />
                <SequencePoint vc="4" uspid="275" ordinal="14" offset="119" sl="40" sc="17" el="40" ec="18" bec="0" bev="0" fileid="4" />
                <SequencePoint vc="4" uspid="276" ordinal="15" offset="120" sl="41" sc="21" el="41" ec="56" bec="0" bev="0" fileid="4" />
                <SequencePoint vc="4" uspid="277" ordinal="16" offset="134" sl="42" sc="17" el="42" ec="18" bec="0" bev="0" fileid="4" />
                <SequencePoint vc="18" uspid="278" ordinal="17" offset="135" sl="43" sc="13" el="43" ec="14" bec="0" bev="0" fileid="4" />
                <SequencePoint vc="42" uspid="279" ordinal="18" offset="136" sl="32" sc="28" el="32" ec="30" bec="0" bev="0" fileid="4" />
                <SequencePoint vc="24" uspid="280" ordinal="19" offset="162" sl="44" sc="13" el="44" ec="35" bec="2" bev="2" fileid="4" />
                <SequencePoint vc="20" uspid="281" ordinal="20" offset="176" sl="45" sc="13" el="45" ec="14" bec="0" bev="0" fileid="4" />
                <SequencePoint vc="24" uspid="282" ordinal="21" offset="177" sl="48" sc="17" el="48" ec="18" bec="0" bev="0" fileid="4" />
                <SequencePoint vc="24" uspid="283" ordinal="22" offset="178" sl="49" sc="21" el="49" ec="37" bec="0" bev="0" fileid="4" />
                <SequencePoint vc="24" uspid="284" ordinal="23" offset="187" sl="50" sc="21" el="50" ec="48" bec="0" bev="0" fileid="4" />
                <SequencePoint vc="24" uspid="285" ordinal="24" offset="210" sl="51" sc="21" el="51" ec="44" bec="0" bev="0" fileid="4" />
                <SequencePoint vc="24" uspid="286" ordinal="25" offset="216" sl="52" sc="17" el="52" ec="18" bec="0" bev="0" fileid="4" />
                <SequencePoint vc="24" uspid="287" ordinal="26" offset="217" sl="52" sc="19" el="52" ec="34" bec="2" bev="2" fileid="4" />
                <SequencePoint vc="20" uspid="288" ordinal="27" offset="231" sl="53" sc="13" el="53" ec="14" bec="0" bev="0" fileid="4" />
                <SequencePoint vc="24" uspid="289" ordinal="28" offset="232" sl="54" sc="9" el="54" ec="10" bec="0" bev="0" fileid="4" />
              </SequencePoints>
              <BranchPoints>
                <BranchPoint vc="12" uspid="290" ordinal="0" offset="75" sl="34" path="0" offsetend="77" fileid="4" />
                <BranchPoint vc="6" uspid="291" ordinal="1" offset="75" sl="34" path="1" offsetend="109" fileid="4" />
                <BranchPoint vc="4" uspid="292" ordinal="2" offset="117" sl="39" path="0" offsetend="119" fileid="4" />
                <BranchPoint vc="2" uspid="293" ordinal="3" offset="117" sl="39" path="1" offsetend="135" fileid="4" />
                <BranchPoint vc="20" uspid="296" ordinal="6" offset="174" sl="44" path="0" offsetend="176" fileid="4" />
                <BranchPoint vc="4" uspid="297" ordinal="7" offset="174" sl="44" path="1" offsetend="232" fileid="4" />
                <BranchPoint vc="20" uspid="298" ordinal="8" offset="229" sl="52" path="0" offsetend="231" fileid="4" />
                <BranchPoint vc="4" uspid="299" ordinal="9" offset="229" sl="52" path="1" offsetend="177" fileid="4" />
              </BranchPoints>
              <MethodPoint xsi:type="SequencePoint" vc="24" uspid="261" ordinal="0" offset="0" sl="28" sc="9" el="28" ec="10" bec="0" bev="0" fileid="4" />
            </Method>
            <Method visited="true" cyclomaticComplexity="4" nPathComplexity="8" sequenceCoverage="100" branchCoverage="100" crapScore="4" isConstructor="false" isStatic="false" isGetter="false" isSetter="false">
              <Summary numSequencePoints="23" visitedSequencePoints="23" numBranchPoints="7" visitedBranchPoints="7" sequenceCoverage="100" branchCoverage="100" maxCyclomaticComplexity="4" minCyclomaticComplexity="4" maxCrapScore="4" minCrapScore="4" visitedClasses="0" numClasses="0" visitedMethods="1" numMethods="1" />
              <MetadataToken>100663302</MetadataToken>
              <Name>System.Int32 ce100_hw4_algo_lib_cs.SCCProblem::SCC()</Name>
              <FileRef uid="4" />
              <SequencePoints>
                <SequencePoint vc="6" uspid="300" ordinal="0" offset="0" sl="56" sc="9" el="56" ec="10" bec="0" bev="0" fileid="4" />
                <SequencePoint vc="6" uspid="301" ordinal="1" offset="1" sl="57" sc="13" el="57" ec="36" bec="0" bev="0" fileid="4" />
                <SequencePoint vc="6" uspid="302" ordinal="2" offset="13" sl="58" sc="13" el="58" ec="37" bec="0" bev="0" fileid="4" />
                <SequencePoint vc="6" uspid="303" ordinal="3" offset="25" sl="59" sc="13" el="59" ec="46" bec="0" bev="0" fileid="4" />
                <SequencePoint vc="6" uspid="304" ordinal="4" offset="37" sl="60" sc="13" el="60" ec="49" bec="0" bev="0" fileid="4" />
                <SequencePoint vc="6" uspid="305" ordinal="5" offset="43" sl="61" sc="18" el="61" ec="27" bec="0" bev="0" fileid="4" />
                <SequencePoint vc="24" uspid="306" ordinal="6" offset="48" sl="62" sc="13" el="62" ec="14" bec="0" bev="0" fileid="4" />
                <SequencePoint vc="24" uspid="307" ordinal="7" offset="49" sl="63" sc="17" el="63" ec="30" bec="0" bev="0" fileid="4" />
                <SequencePoint vc="24" uspid="308" ordinal="8" offset="54" sl="64" sc="17" el="64" ec="29" bec="0" bev="0" fileid="4" />
                <SequencePoint vc="24" uspid="309" ordinal="9" offset="59" sl="65" sc="13" el="65" ec="14" bec="0" bev="0" fileid="4" />
                <SequencePoint vc="24" uspid="310" ordinal="10" offset="60" sl="61" sc="36" el="61" ec="39" bec="0" bev="0" fileid="4" />
                <SequencePoint vc="30" uspid="311" ordinal="11" offset="66" sl="61" sc="29" el="61" ec="34" bec="2" bev="2" fileid="4" />
                <SequencePoint vc="6" uspid="312" ordinal="12" offset="82" sl="66" sc="18" el="66" ec="27" bec="0" bev="0" fileid="4" />
                <SequencePoint vc="24" uspid="313" ordinal="13" offset="87" sl="67" sc="13" el="67" ec="14" bec="0" bev="0" fileid="4" />
                <SequencePoint vc="24" uspid="314" ordinal="14" offset="88" sl="68" sc="17" el="68" ec="35" bec="2" bev="2" fileid="4" />
                <SequencePoint vc="12" uspid="315" ordinal="15" offset="101" sl="69" sc="17" el="69" ec="18" bec="0" bev="0" fileid="4" />
                <SequencePoint vc="12" uspid="316" ordinal="16" offset="102" sl="70" sc="21" el="70" ec="63" bec="0" bev="0" fileid="4" />
                <SequencePoint vc="12" uspid="317" ordinal="17" offset="115" sl="71" sc="17" el="71" ec="18" bec="0" bev="0" fileid="4" />
                <SequencePoint vc="24" uspid="318" ordinal="18" offset="116" sl="72" sc="13" el="72" ec="14" bec="0" bev="0" fileid="4" />
                <SequencePoint vc="24" uspid="319" ordinal="19" offset="117" sl="66" sc="36" el="66" ec="39" bec="0" bev="0" fileid="4" />
                <SequencePoint vc="30" uspid="320" ordinal="20" offset="123" sl="66" sc="29" el="66" ec="34" bec="2" bev="2" fileid="4" />
                <SequencePoint vc="6" uspid="321" ordinal="21" offset="139" sl="73" sc="13" el="73" ec="22" bec="0" bev="0" fileid="4" />
                <SequencePoint vc="6" uspid="322" ordinal="22" offset="144" sl="74" sc="9" el="74" ec="10" bec="0" bev="0" fileid="4" />
              </SequencePoints>
              <BranchPoints>
                <BranchPoint vc="6" uspid="323" ordinal="0" offset="80" sl="61" path="0" offsetend="82" fileid="4" />
                <BranchPoint vc="24" uspid="324" ordinal="1" offset="80" sl="61" path="1" offsetend="48" fileid="4" />
                <BranchPoint vc="12" uspid="325" ordinal="2" offset="99" sl="68" path="0" offsetend="101" fileid="4" />
                <BranchPoint vc="12" uspid="326" ordinal="3" offset="99" sl="68" path="1" offsetend="116" fileid="4" />
                <BranchPoint vc="6" uspid="327" ordinal="4" offset="137" sl="66" path="0" offsetend="139" fileid="4" />
                <BranchPoint vc="24" uspid="328" ordinal="5" offset="137" sl="66" path="1" offsetend="87" fileid="4" />
              </BranchPoints>
              <MethodPoint xsi:type="SequencePoint" vc="6" uspid="300" ordinal="0" offset="0" sl="56" sc="9" el="56" ec="10" bec="0" bev="0" fileid="4" />
            </Method>
          </Methods>
        </Class>
        <Class>
          <Summary numSequencePoints="0" visitedSequencePoints="0" numBranchPoints="0" visitedBranchPoints="0" sequenceCoverage="0" branchCoverage="0" maxCyclomaticComplexity="1" minCyclomaticComplexity="1" maxCrapScore="2" minCrapScore="2" visitedClasses="0" numClasses="0" visitedMethods="0" numMethods="0" />
          <FullName>ce100_hw4_algo_lib_cs.Activity_Selection2</FullName>
          <Methods>
            <Method visited="false" cyclomaticComplexity="1" nPathComplexity="0" sequenceCoverage="0" branchCoverage="0" crapScore="2" isConstructor="true" isStatic="false" isGetter="false" isSetter="false">
              <Summary numSequencePoints="0" visitedSequencePoints="0" numBranchPoints="0" visitedBranchPoints="0" sequenceCoverage="0" branchCoverage="0" maxCyclomaticComplexity="1" minCyclomaticComplexity="1" maxCrapScore="2" minCrapScore="2" visitedClasses="0" numClasses="0" visitedMethods="0" numMethods="0" />
              <MetadataToken>100663303</MetadataToken>
              <Name>System.Void ce100_hw4_algo_lib_cs.Activity_Selection2::.ctor()</Name>
              <SequencePoints />
              <BranchPoints />
              <MethodPoint vc="0" uspid="329" ordinal="0" offset="0" />
            </Method>
          </Methods>
        </Class>
        <Class>
          <Summary numSequencePoints="19" visitedSequencePoints="19" numBranchPoints="11" visitedBranchPoints="11" sequenceCoverage="100" branchCoverage="100" maxCyclomaticComplexity="6" minCyclomaticComplexity="1" maxCrapScore="6" minCrapScore="2" visitedClasses="1" numClasses="1" visitedMethods="1" numMethods="1" />
          <FullName>ce100_hw4_algo_lib_cs.Knapsack1</FullName>
          <Methods>
            <Method visited="true" cyclomaticComplexity="6" nPathComplexity="32" sequenceCoverage="100" branchCoverage="100" crapScore="6" isConstructor="false" isStatic="true" isGetter="false" isSetter="false">
              <Summary numSequencePoints="19" visitedSequencePoints="19" numBranchPoints="11" visitedBranchPoints="11" sequenceCoverage="100" branchCoverage="100" maxCyclomaticComplexity="6" minCyclomaticComplexity="6" maxCrapScore="6" minCrapScore="6" visitedClasses="0" numClasses="0" visitedMethods="1" numMethods="1" />
              <MetadataToken>100663304</MetadataToken>
              <Name>System.Int32 ce100_hw4_algo_lib_cs.Knapsack1::KnapSack(System.Int32,System.Int32[],System.Int32[],System.Int32)</Name>
              <FileRef uid="5" />
              <SequencePoints>
                <SequencePoint vc="3" uspid="330" ordinal="0" offset="0" sl="46" sc="9" el="46" ec="10" bec="0" bev="0" fileid="5" />
                <SequencePoint vc="3" uspid="331" ordinal="1" offset="1" sl="48" sc="13" el="48" ec="50" bec="0" bev="0" fileid="5" />
                <SequencePoint vc="3" uspid="332" ordinal="2" offset="13" sl="52" sc="18" el="52" ec="23" bec="0" bev="0" fileid="5" />
                <SequencePoint vc="12" uspid="333" ordinal="3" offset="20" sl="53" sc="13" el="53" ec="14" bec="0" bev="0" fileid="5" />
                <SequencePoint vc="12" uspid="334" ordinal="4" offset="21" sl="54" sc="22" el="54" ec="27" bec="0" bev="0" fileid="5" />
                <SequencePoint vc="612" uspid="335" ordinal="5" offset="25" sl="55" sc="17" el="55" ec="18" bec="0" bev="0" fileid="5" />
                <SequencePoint vc="612" uspid="336" ordinal="6" offset="26" sl="56" sc="21" el="56" ec="42" bec="4" bev="4" fileid="5" />
                <SequencePoint vc="162" uspid="337" ordinal="7" offset="40" sl="57" sc="25" el="57" ec="37" bec="0" bev="0" fileid="5" />
                <SequencePoint vc="450" uspid="338" ordinal="8" offset="51" sl="59" sc="26" el="59" ec="47" bec="2" bev="2" fileid="5" />
[...]
              <MethodPoint xsi:type="SequencePoint" vc="3" uspid="467" ordinal="0" offset="0" sl="39" sc="9" el="39" ec="10" bec="0" bev="0" fileid="8" />
            </Method>
            <Method visited="true" cyclomaticComplexity="1" nPathComplexity="0" sequenceCoverage="100" branchCoverage="100" crapScore="1" isConstructor="false" isStatic="true" isGetter="false" isSetter="false">
              <Summary numSequencePoints="3" visitedSequencePoints="3" numBranchPoints="1" visitedBranchPoints="1" sequenceCoverage="100" branchCoverage="100" maxCyclomaticComplexity="1" minCyclomaticComplexity="1" maxCrapScore="1" minCrapScore="1" visitedClasses="0" numClasses="0" visitedMethods="1" numMethods="1" />
              <MetadataToken>100663315</MetadataToken>
              <Name>System.Void ce100_hw4_algo_lib_cs.DFS::AddEdge(System.Int32,System.Int32)</Name>
              <FileRef uid="8" />
              <SequencePoints>
                <SequencePoint vc="18" uspid="479" ordinal="0" offset="0" sl="62" sc="9" el="62" ec="10" bec="0" bev="0" fileid="8" />
                <SequencePoint vc="18" uspid="480" ordinal="1" offset="1" sl="63" sc="13" el="63" ec="38" bec="0" bev="0" fileid="8" />
                <SequencePoint vc="18" uspid="481" ordinal="2" offset="15" sl="64" sc="9" el="64" ec="10" bec="0" bev="0" fileid="8" />
              </SequencePoints>
              <BranchPoints />
              <MethodPoint xsi:type="SequencePoint" vc="18" uspid="479" ordinal="0" offset="0" sl="62" sc="9" el="62" ec="10" bec="0" bev="0" fileid="8" />
            </Method>
            <Method visited="true" cyclomaticComplexity="5" nPathComplexity="8" sequenceCoverage="100" branchCoverage="85.71" crapScore="5" isConstructor="false" isStatic="true" isGetter="false" isSetter="false">
              <Summary numSequencePoints="25" visitedSequencePoints="25" numBranchPoints="7" visitedBranchPoints="6" sequenceCoverage="100" branchCoverage="85.71" maxCyclomaticComplexity="5" minCyclomaticComplexity="5" maxCrapScore="5" minCrapScore="5" visitedClasses="0" numClasses="0" visitedMethods="1" numMethods="1" />
              <MetadataToken>100663316</MetadataToken>
              <Name>System.String ce100_hw4_algo_lib_cs.DFS::DFS_Print(System.Int32)</Name>
              <FileRef uid="8" />
              <SequencePoints>
                <SequencePoint vc="3" uspid="482" ordinal="0" offset="0" sl="78" sc="9" el="78" ec="10" bec="0" bev="0" fileid="8" />
                <SequencePoint vc="3" uspid="483" ordinal="1" offset="1" sl="80" sc="13" el="80" ec="49" bec="0" bev="0" fileid="8" />
                <SequencePoint vc="3" uspid="484" ordinal="2" offset="12" sl="83" sc="13" el="83" ec="49" bec="0" bev="0" fileid="8" />
                <SequencePoint vc="3" uspid="485" ordinal="3" offset="18" sl="86" sc="13" el="86" ec="27" bec="0" bev="0" fileid="8" />
                <SequencePoint vc="3" uspid="486" ordinal="4" offset="26" sl="87" sc="13" el="87" ec="31" bec="0" bev="0" fileid="8" />
                <SequencePoint vc="12" uspid="487" ordinal="5" offset="37" sl="89" sc="13" el="89" ec="14" bec="0" bev="0" fileid="8" />
                <SequencePoint vc="12" uspid="488" ordinal="6" offset="38" sl="91" sc="17" el="91" ec="34" bec="0" bev="0" fileid="8" />
                <SequencePoint vc="12" uspid="489" ordinal="7" offset="46" sl="92" sc="17" el="92" ec="29" bec="0" bev="0" fileid="8" />
                <SequencePoint vc="12" uspid="490" ordinal="8" offset="53" sl="97" sc="17" el="97" ec="41" bec="2" bev="1" fileid="8" />
                <SequencePoint vc="12" uspid="491" ordinal="9" offset="63" sl="98" sc="17" el="98" ec="18" bec="0" bev="0" fileid="8" />
                <SequencePoint vc="12" uspid="492" ordinal="10" offset="64" sl="99" sc="21" el="99" ec="39" bec="0" bev="0" fileid="8" />
                <SequencePoint vc="12" uspid="493" ordinal="11" offset="83" sl="100" sc="21" el="100" ec="39" bec="0" bev="0" fileid="8" />
                <SequencePoint vc="12" uspid="494" ordinal="12" offset="87" sl="101" sc="17" el="101" ec="18" bec="0" bev="0" fileid="8" />
                <SequencePoint vc="12" uspid="495" ordinal="13" offset="88" sl="106" sc="17" el="106" ec="24" bec="0" bev="0" fileid="8" />
                <SequencePoint vc="12" uspid="496" ordinal="14" offset="89" sl="106" sc="35" el="106" ec="41" bec="0" bev="0" fileid="8" />
                <SequencePoint vc="18" uspid="497" ordinal="15" offset="105" sl="106" sc="26" el="106" ec="31" bec="0" bev="0" fileid="8" />
                <SequencePoint vc="18" uspid="498" ordinal="16" offset="114" sl="107" sc="17" el="107" ec="18" bec="0" bev="0" fileid="8" />
                <SequencePoint vc="18" uspid="499" ordinal="17" offset="115" sl="108" sc="21" el="108" ec="37" bec="2" bev="2" fileid="8" />
                <SequencePoint vc="9" uspid="500" ordinal="18" offset="128" sl="109" sc="25" el="109" ec="39" bec="0" bev="0" fileid="8" />
                <SequencePoint vc="18" uspid="501" ordinal="19" offset="137" sl="110" sc="17" el="110" ec="18" bec="0" bev="0" fileid="8" />
                <SequencePoint vc="30" uspid="502" ordinal="20" offset="138" sl="106" sc="32" el="106" ec="34" bec="0" bev="0" fileid="8" />
                <SequencePoint vc="12" uspid="503" ordinal="21" offset="164" sl="112" sc="13" el="112" ec="14" bec="0" bev="0" fileid="8" />
                <SequencePoint vc="15" uspid="504" ordinal="22" offset="165" sl="88" sc="13" el="88" ec="36" bec="2" bev="2" fileid="8" />
                <SequencePoint vc="3" uspid="505" ordinal="23" offset="183" sl="114" sc="13" el="114" ec="51" bec="0" bev="0" fileid="8" />
                <SequencePoint vc="3" uspid="506" ordinal="24" offset="201" sl="115" sc="9" el="115" ec="10" bec="0" bev="0" fileid="8" />
              </SequencePoints>
              <BranchPoints>
                <BranchPoint vc="12" uspid="507" ordinal="0" offset="61" sl="97" path="0" offsetend="63" fileid="8" />
                <BranchPoint vc="0" uspid="508" ordinal="1" offset="61" sl="97" path="1" offsetend="88" fileid="8" />
                <BranchPoint vc="9" uspid="509" ordinal="2" offset="126" sl="108" path="0" offsetend="128" fileid="8" />
                <BranchPoint vc="9" uspid="510" ordinal="3" offset="126" sl="108" path="1" offsetend="137" fileid="8" />
                <BranchPoint vc="3" uspid="513" ordinal="6" offset="178" sl="88" path="0" offsetend="183" fileid="8" />
                <BranchPoint vc="12" uspid="514" ordinal="7" offset="178" sl="88" path="1" offsetend="37" fileid="8" />
              </BranchPoints>
              <MethodPoint xsi:type="SequencePoint" vc="3" uspid="482" ordinal="0" offset="0" sl="78" sc="9" el="78" ec="10" bec="0" bev="0" fileid="8" />
            </Method>
            <Method visited="false" cyclomaticComplexity="1" nPathComplexity="0" sequenceCoverage="0" branchCoverage="0" crapScore="2" isConstructor="true" isStatic="false" isGetter="false" isSetter="false">
              <Summary numSequencePoints="0" visitedSequencePoints="0" numBranchPoints="0" visitedBranchPoints="0" sequenceCoverage="0" branchCoverage="0" maxCyclomaticComplexity="1" minCyclomaticComplexity="1" maxCrapScore="2" minCrapScore="2" visitedClasses="0" numClasses="0" visitedMethods="0" numMethods="0" />
              <MetadataToken>100663317</MetadataToken>
              <Name>System.Void ce100_hw4_algo_lib_cs.DFS::.ctor()</Name>
              <SequencePoints />
              <BranchPoints />
              <MethodPoint vc="0" uspid="515" ordinal="0" offset="0" />
            </Method>
          </Methods>
        </Class>
        <Class>
          <Summary numSequencePoints="43" visitedSequencePoints="43" numBranchPoints="12" visitedBranchPoints="12" sequenceCoverage="100" branchCoverage="100" maxCyclomaticComplexity="4" minCyclomaticComplexity="1" maxCrapScore="4" minCrapScore="1" visitedClasses="1" numClasses="1" visitedMethods="4" numMethods="4" />
          <FullName>ce100_hw4_algo_lib_cs.Topological_Order</FullName>
          <Methods>
            <Method visited="true" cyclomaticComplexity="2" nPathComplexity="2" sequenceCoverage="100" branchCoverage="100" crapScore="2" isConstructor="false" isStatic="true" isGetter="false" isSetter="false">
              <Summary numSequencePoints="8" visitedSequencePoints="8" numBranchPoints="3" visitedBranchPoints="3" sequenceCoverage="100" branchCoverage="100" maxCyclomaticComplexity="2" minCyclomaticComplexity="2" maxCrapScore="2" minCrapScore="2" visitedClasses="0" numClasses="0" visitedMethods="1" numMethods="1" />
              <MetadataToken>100663318</MetadataToken>
              <Name>System.Void ce100_hw4_algo_lib_cs.Topological_Order::Graph(System.Int32)</Name>
              <FileRef uid="9" />
              <SequencePoints>
                <SequencePoint vc="3" uspid="516" ordinal="0" offset="0" sl="41" sc="9" el="41" ec="10" bec="0" bev="0" fileid="9" />
                <SequencePoint vc="3" uspid="517" ordinal="1" offset="1" sl="42" sc="13" el="42" ec="21" bec="0" bev="0" fileid="9" />
                <SequencePoint vc="3" uspid="518" ordinal="2" offset="7" sl="43" sc="13" el="43" ec="44" bec="0" bev="0" fileid="9" />
                <SequencePoint vc="3" uspid="519" ordinal="3" offset="18" sl="44" sc="18" el="44" ec="27" bec="0" bev="0" fileid="9" />
                <SequencePoint vc="18" uspid="520" ordinal="4" offset="22" sl="45" sc="17" el="45" ec="42" bec="0" bev="0" fileid="9" />
                <SequencePoint vc="18" uspid="521" ordinal="5" offset="38" sl="44" sc="38" el="44" ec="41" bec="0" bev="0" fileid="9" />
                <SequencePoint vc="21" uspid="522" ordinal="6" offset="42" sl="44" sc="29" el="44" ec="36" bec="2" bev="2" fileid="9" />
                <SequencePoint vc="3" uspid="523" ordinal="7" offset="50" sl="46" sc="9" el="46" ec="10" bec="0" bev="0" fileid="9" />
              </SequencePoints>
              <BranchPoints>
                <BranchPoint vc="3" uspid="524" ordinal="0" offset="48" sl="44" path="0" offsetend="50" fileid="9" />
                <BranchPoint vc="18" uspid="525" ordinal="1" offset="48" sl="44" path="1" offsetend="22" fileid="9" />
              </BranchPoints>
              <MethodPoint xsi:type="SequencePoint" vc="3" uspid="516" ordinal="0" offset="0" sl="41" sc="9" el="41" ec="10" bec="0" bev="0" fileid="9" />
            </Method>
            <Method visited="true" cyclomaticComplexity="1" nPathComplexity="0" sequenceCoverage="100" branchCoverage="100" crapScore="1" isConstructor="false" isStatic="true" isGetter="false" isSetter="false">
              <Summary numSequencePoints="3" visitedSequencePoints="3" numBranchPoints="1" visitedBranchPoints="1" sequenceCoverage="100" branchCoverage="100" maxCyclomaticComplexity="1" minCyclomaticComplexity="1" maxCrapScore="1" minCrapScore="1" visitedClasses="0" numClasses="0" visitedMethods="1" numMethods="1" />
              <MetadataToken>100663319</MetadataToken>
              <Name>System.Void ce100_hw4_algo_lib_cs.Topological_Order::AddEdge(System.Int32,System.Int32)</Name>
              <FileRef uid="9" />
              <SequencePoints>
                <SequencePoint vc="18" uspid="526" ordinal="0" offset="0" sl="59" sc="9" el="59" ec="10" bec="0" bev="0" fileid="9" />
                <SequencePoint vc="18" uspid="527" ordinal="1" offset="1" sl="60" sc="13" el="60" ec="33" bec="0" bev="0" fileid="9" />
                <SequencePoint vc="18" uspid="528" ordinal="2" offset="19" sl="61" sc="9" el="61" ec="10" bec="0" bev="0" fileid="9" />
              </SequencePoints>
              <BranchPoints />
              <MethodPoint xsi:type="SequencePoint" vc="18" uspid="526" ordinal="0" offset="0" sl="59" sc="9" el="59" ec="10" bec="0" bev="0" fileid="9" />
            </Method>
            <Method visited="true" cyclomaticComplexity="3" nPathComplexity="2" sequenceCoverage="100" branchCoverage="100" crapScore="3" isConstructor="false" isStatic="true" isGetter="false" isSetter="false">
              <Summary numSequencePoints="12" visitedSequencePoints="12" numBranchPoints="3" visitedBranchPoints="3" sequenceCoverage="100" branchCoverage="100" maxCyclomaticComplexity="3" minCyclomaticComplexity="3" maxCrapScore="3" minCrapScore="3" visitedClasses="0" numClasses="0" visitedMethods="1" numMethods="1" />
              <MetadataToken>100663320</MetadataToken>
              <Name>System.Void ce100_hw4_algo_lib_cs.Topological_Order::TopologicalSortUtil(System.Int32,System.Boolean[],System.Collections.Generic.Stack`1&lt;System.Int32&gt;)</Name>
              <FileRef uid="9" />
              <SequencePoints>
                <SequencePoint vc="18" uspid="529" ordinal="0" offset="0" sl="77" sc="9" el="77" ec="10" bec="0" bev="0" fileid="9" />
                <SequencePoint vc="18" uspid="530" ordinal="1" offset="1" sl="80" sc="13" el="80" ec="37" bec="0" bev="0" fileid="9" />
                <SequencePoint vc="18" uspid="531" ordinal="2" offset="5" sl="84" sc="13" el="84" ec="20" bec="0" bev="0" fileid="9" />
                <SequencePoint vc="18" uspid="532" ordinal="3" offset="6" sl="84" sc="36" el="84" ec="45" bec="0" bev="0" fileid="9" />
                <SequencePoint vc="18" uspid="533" ordinal="4" offset="25" sl="84" sc="22" el="84" ec="32" bec="0" bev="0" fileid="9" />
                <SequencePoint vc="18" uspid="534" ordinal="5" offset="33" sl="85" sc="13" el="85" ec="14" bec="0" bev="0" fileid="9" />
                <SequencePoint vc="18" uspid="535" ordinal="6" offset="34" sl="86" sc="17" el="86" ec="41" bec="2" bev="2" fileid="9" />
                <SequencePoint vc="3" uspid="536" ordinal="7" offset="44" sl="87" sc="21" el="87" ec="71" bec="0" bev="0" fileid="9" />
                <SequencePoint vc="18" uspid="537" ordinal="8" offset="53" sl="88" sc="13" el="88" ec="14" bec="0" bev="0" fileid="9" />
                <SequencePoint vc="36" uspid="538" ordinal="9" offset="54" sl="84" sc="33" el="84" ec="35" bec="0" bev="0" fileid="9" />
                <SequencePoint vc="18" uspid="539" ordinal="10" offset="80" sl="92" sc="13" el="92" ec="33" bec="0" bev="0" fileid="9" />
                <SequencePoint vc="18" uspid="540" ordinal="11" offset="88" sl="93" sc="9" el="93" ec="10" bec="0" bev="0" fileid="9" />
              </SequencePoints>
              <BranchPoints>
                <BranchPoint vc="3" uspid="541" ordinal="0" offset="42" sl="86" path="0" offsetend="44" fileid="9" />
                <BranchPoint vc="15" uspid="542" ordinal="1" offset="42" sl="86" path="1" offsetend="53" fileid="9" />
              </BranchPoints>
              <MethodPoint xsi:type="SequencePoint" vc="18" uspid="529" ordinal="0" offset="0" sl="77" sc="9" el="77" ec="10" bec="0" bev="0" fileid="9" />
            </Method>
            <Method visited="true" cyclomaticComplexity="4" nPathComplexity="4" sequenceCoverage="100" branchCoverage="100" crapScore="4" isConstructor="false" isStatic="true" isGetter="false" isSetter="false">
              <Summary numSequencePoints="20" visitedSequencePoints="20" numBranchPoints="5" visitedBranchPoints="5" sequenceCoverage="100" branchCoverage="100" maxCyclomaticComplexity="4" minCyclomaticComplexity="4" maxCrapScore="4" minCrapScore="4" visitedClasses="0" numClasses="0" visitedMethods="1" numMethods="1" />
              <MetadataToken>100663321</MetadataToken>
              <Name>System.String ce100_hw4_algo_lib_cs.Topological_Order::TopologicalSort()</Name>
              <FileRef uid="9" />
              <SequencePoints>
                <SequencePoint vc="3" uspid="545" ordinal="0" offset="0" sl="106" sc="9" el="106" ec="10" bec="0" bev="0" fileid="9" />
                <SequencePoint vc="3" uspid="546" ordinal="1" offset="1" sl="107" sc="13" el="107" ec="49" bec="0" bev="0" fileid="9" />
                <SequencePoint vc="3" uspid="547" ordinal="2" offset="7" sl="110" sc="13" el="110" ec="39" bec="0" bev="0" fileid="9" />
                <SequencePoint vc="3" uspid="548" ordinal="3" offset="18" sl="111" sc="13" el="111" ec="31" bec="0" bev="0" fileid="9" />
                <SequencePoint vc="3" uspid="549" ordinal="4" offset="24" sl="115" sc="18" el="115" ec="27" bec="0" bev="0" fileid="9" />
                <SequencePoint vc="18" uspid="550" ordinal="5" offset="28" sl="116" sc="13" el="116" ec="14" bec="0" bev="0" fileid="9" />
                <SequencePoint vc="18" uspid="551" ordinal="6" offset="29" sl="117" sc="17" el="117" ec="41" bec="2" bev="2" fileid="9" />
                <SequencePoint vc="15" uspid="552" ordinal="7" offset="41" sl="118" sc="21" el="118" ec="60" bec="0" bev="0" fileid="9" />
                <SequencePoint vc="18" uspid="553" ordinal="8" offset="50" sl="119" sc="13" el="119" ec="14" bec="0" bev="0" fileid="9" />
                <SequencePoint vc="18" uspid="554" ordinal="9" offset="51" sl="115" sc="36" el="115" ec="39" bec="0" bev="0" fileid="9" />
                <SequencePoint vc="21" uspid="555" ordinal="10" offset="55" sl="115" sc="29" el="115" ec="34" bec="2" bev="2" fileid="9" />
                <SequencePoint vc="3" uspid="556" ordinal="11" offset="69" sl="122" sc="13" el="122" ec="20" bec="0" bev="0" fileid="9" />
                <SequencePoint vc="3" uspid="557" ordinal="12" offset="70" sl="122" sc="36" el="122" ec="41" bec="0" bev="0" fileid="9" />
                <SequencePoint vc="18" uspid="558" ordinal="13" offset="80" sl="122" sc="22" el="122" ec="32" bec="0" bev="0" fileid="9" />
                <SequencePoint vc="18" uspid="559" ordinal="14" offset="89" sl="123" sc="13" el="123" ec="14" bec="0" bev="0" fileid="9" />
                <SequencePoint vc="18" uspid="560" ordinal="15" offset="90" sl="124" sc="17" el="124" ec="40" bec="0" bev="0" fileid="9" />
                <SequencePoint vc="18" uspid="561" ordinal="16" offset="109" sl="125" sc="13" el="125" ec="14" bec="0" bev="0" fileid="9" />
                <SequencePoint vc="21" uspid="562" ordinal="17" offset="110" sl="122" sc="33" el="122" ec="35" bec="0" bev="0" fileid="9" />
                <SequencePoint vc="3" uspid="563" ordinal="18" offset="136" sl="126" sc="13" el="126" ec="51" bec="0" bev="0" fileid="9" />
                <SequencePoint vc="3" uspid="564" ordinal="19" offset="154" sl="127" sc="9" el="127" ec="10" bec="0" bev="0" fileid="9" />
              </SequencePoints>
              <BranchPoints>
                <BranchPoint vc="15" uspid="565" ordinal="0" offset="39" sl="117" path="0" offsetend="41" fileid="9" />
                <BranchPoint vc="3" uspid="566" ordinal="1" offset="39" sl="117" path="1" offsetend="50" fileid="9" />
                <BranchPoint vc="3" uspid="567" ordinal="2" offset="67" sl="115" path="0" offsetend="69" fileid="9" />
                <BranchPoint vc="18" uspid="568" ordinal="3" offset="67" sl="115" path="1" offsetend="28" fileid="9" />
              </BranchPoints>
              <MethodPoint xsi:type="SequencePoint" vc="3" uspid="545" ordinal="0" offset="0" sl="106" sc="9" el="106" ec="10" bec="0" bev="0" fileid="9" />
            </Method>
            <Method visited="false" cyclomaticComplexity="1" nPathComplexity="0" sequenceCoverage="0" branchCoverage="0" crapScore="2" isConstructor="true" isStatic="false" isGetter="false" isSetter="false">
              <Summary numSequencePoints="0" visitedSequencePoints="0" numBranchPoints="0" visitedBranchPoints="0" sequenceCoverage="0" branchCoverage="0" maxCyclomaticComplexity="1" minCyclomaticComplexity="1" maxCrapScore="2" minCrapScore="2" visitedClasses="0" numClasses="0" visitedMethods="0" numMethods="0" />
              <MetadataToken>100663322</MetadataToken>
              <Name>System.Void ce100_hw4_algo_lib_cs.Topological_Order::.ctor()</Name>
              <SequencePoints />
              <BranchPoints />
              <MethodPoint vc="0" uspid="571" ordinal="0" offset="0" />
            </Method>
          </Methods>
        </Class>
      </Classes>
    </Module>
  </Modules>
</CoverageSession>