<?xml version="1.0" encoding="utf-8"?>
<!DOCTYPE coverage SYSTEM "http://cobertura.sourceforge.net/xml/coverage-04.dtd">
<coverage line-rate="1" branch-rate="0.9857142857142858" lines-covered="441" lines-valid="441" branches-covered="69" branches-valid="70" complexity="78" version="0" timestamp="1652739730">
  <sources />
  <packages>
    <package name="ce100-hw4-algo-lib-cs" line-rate="1" branch-rate="0.9857142857142858" complexity="57">
      <classes>
        <class name="ce100_hw4_algo_lib_cs.Activity_Selection1" filename="C:\Users\Lenova\Desktop\ce100-hw4-rabia-süme\ce100-hw4-sln\ce100-hw4-algo-lib-cs\Activity_Selection1.cs" line-rate="1" branch-rate="1" complexity="NaN">
          <methods>
            <method name="ActivitySelectionPrintMaxActivitie" signature="(System.Int32[],System.Int32[],System.Int32)" line-rate="1" branch-rate="1" complexity="NaN">
              <lines>
                <line number="47" hits="3" branch="false" />
                <line number="52" hits="3" branch="false" />
                <line number="53" hits="3" branch="false" />
                <line number="54" hits="3" branch="false" />
                <line number="56" hits="36" branch="true" condition-coverage="100% (2/2)" />
                <line number="57" hits="15" branch="false" />
                <line number="61" hits="15" branch="true" condition-coverage="100% (2/2)" />
                <line number="62" hits="10" branch="false" />
                <line number="63" hits="10" branch="false" />
                <line number="64" hits="10" branch="false" />
                <line number="65" hits="10" branch="false" />
                <line number="66" hits="15" branch="false" />
                <line number="68" hits="3" branch="false" />
                <line number="69" hits="3" branch="false" />
              </lines>
            </method>
          </methods>
          <lines>
            <line number="47" hits="3" branch="false" />
            <line number="52" hits="3" branch="false" />
            <line number="53" hits="3" branch="false" />
            <line number="54" hits="3" branch="false" />
            <line number="56" hits="36" branch="true" condition-coverage="100% (2/2)" />
            <line number="57" hits="15" branch="false" />
            <line number="61" hits="15" branch="true" condition-coverage="100% (2/2)" />
            <line number="62" hits="10" branch="false" />
            <line number="63" hits="10" branch="false" />
            <line number="64" hits="10" branch="false" />
            <line number="65" hits="10" branch="false" />
            <line number="66" hits="15" branch="false" />
            <line number="68" hits="3" branch="false" />
            <line number="69" hits="3" branch="false" />
          </lines>
        </class>
        <class name="ce100_hw4_algo_lib_cs.BFS" filename="C:\Users\Lenova\Desktop\ce100-hw4-rabia-süme\ce100-hw4-sln\ce100-hw4-algo-lib-cs\BFS.cs" line-rate="1" branch-rate="1" complexity="NaN">
          <methods>
            <method name="Graph" signature="(System.Int32)" line-rate="1" branch-rate="1" complexity="NaN">
              <lines>
                <line number="41" hits="3" branch="false" />
                <line number="42" hits="3" branch="false" />
                <line number="43" hits="30" branch="true" condition-coverage="100% (2/2)" />
                <line number="44" hits="12" branch="false" />
                <line number="45" hits="12" branch="false" />
                <line number="46" hits="12" branch="false" />
                <line number="47" hits="3" branch="false" />
                <line number="48" hits="3" branch="false" />
              </lines>
            </method>
            <method name="AddEdge" signature="(System.Int32,System.Int32)" line-rate="1" branch-rate="1" complexity="NaN">
              <lines>
                <line number="61" hits="18" branch="false" />
                <line number="62" hits="18" branch="false" />
                <line number="64" hits="18" branch="false" />
              </lines>
            </method>
            <method name="BFS_Print" signature="(System.Int32)" line-rate="1" branch-rate="1" complexity="NaN">
              <lines>
                <line number="78" hits="3" branch="false" />
                <line number="79" hits="3" branch="false" />
                <line number="82" hits="3" branch="false" />
                <line number="83" hits="30" branch="true" condition-coverage="100% (2/2)" />
                <line number="84" hits="12" branch="false" />
                <line number="87" hits="3" branch="false" />
                <line number="91" hits="3" branch="false" />
                <line number="92" hits="3" branch="false" />
                <line number="94" hits="15" branch="true" condition-coverage="100% (2/2)" />
                <line number="95" hits="12" branch="false" />
                <line number="99" hits="12" branch="false" />
                <line number="100" hits="12" branch="false" />
                <line number="101" hits="12" branch="false" />
                <line number="107" hits="12" branch="false" />
                <line number="109" hits="72" branch="false" />
                <line number="110" hits="18" branch="false" />
                <line number="111" hits="18" branch="true" condition-coverage="100% (2/2)" />
                <line number="112" hits="9" branch="false" />
                <line number="113" hits="9" branch="false" />
                <line number="114" hits="9" branch="false" />
                <line number="115" hits="9" branch="false" />
                <line number="116" hits="18" branch="false" />
                <line number="117" hits="12" branch="false" />
                <line number="118" hits="3" branch="false" />
                <line number="119" hits="3" branch="false" />
              </lines>
            </method>
          </methods>
          <lines>
            <line number="41" hits="3" branch="false" />
            <line number="42" hits="3" branch="false" />
            <line number="43" hits="30" branch="true" condition-coverage="100% (2/2)" />
            <line number="44" hits="12" branch="false" />
            <line number="45" hits="12" branch="false" />
            <line number="46" hits="12" branch="false" />
            <line number="47" hits="3" branch="false" />
            <line number="48" hits="3" branch="false" />
            <line number="61" hits="18" branch="false" />
            <line number="62" hits="18" branch="false" />
            <line number="64" hits="18" branch="false" />
            <line number="78" hits="3" branch="false" />
            <line number="79" hits="3" branch="false" />
            <line number="82" hits="3" branch="false" />
            <line number="83" hits="30" branch="true" condition-coverage="100% (2/2)" />
            <line number="84" hits="12" branch="false" />
            <line number="87" hits="3" branch="false" />
            <line number="91" hits="3" branch="false" />
            <line number="92" hits="3" branch="false" />
            <line number="94" hits="15" branch="true" condition-coverage="100% (2/2)" />
            <line number="95" hits="12" branch="false" />
            <line number="99" hits="12" branch="false" />
            <line number="100" hits="12" branch="false" />
            <line number="101" hits="12" branch="false" />
            <line number="107" hits="12" branch="false" />
            <line number="109" hits="72" branch="false" />
            <line number="110" hits="18" branch="false" />
            <line number="111" hits="18" branch="true" condition-coverage="100% (2/2)" />
            <line number="112" hits="9" branch="false" />
            <line number="113" hits="9" branch="false" />
            <line number="114" hits="9" branch="false" />
            <line number="115" hits="9" branch="false" />
            <line number="116" hits="18" branch="false" />
            <line number="117" hits="12" branch="false" />
            <line number="118" hits="3" branch="false" />
            <line number="119" hits="3" branch="false" />
          </lines>
        </class>
        <class name="ce100_hw4_algo_lib_cs.DFS" filename="C:\Users\Lenova\Desktop\ce100-hw4-rabia-süme\ce100-hw4-sln\ce100-hw4-algo-lib-cs\DFS.cs" line-rate="1" branch-rate="0.875" complexity="NaN">
          <methods>
            <method name="Graph" signature="(System.Int32)" line-rate="1" branch-rate="1" complexity="NaN">
              <lines>
                <line number="39" hits="3" branch="false" />
                <line number="41" hits="3" branch="false" />
                <line number="43" hits="30" branch="true" condition-coverage="100% (2/2)" />
                <line number="44" hits="12" branch="false" />
                <line number="45" hits="12" branch="false" />
                <line number="46" hits="12" branch="false" />
                <line number="47" hits="3" branch="false" />
                <line number="48" hits="3" branch="false" />
              </lines>
            </method>
            <method name="AddEdge" signature="(System.Int32,System.Int32)" line-rate="1" branch-rate="1" complexity="NaN">
              <lines>
                <line number="62" hits="18" branch="false" />
                <line number="63" hits="18" branch="false" />
                <line number="64" hits="18" branch="false" />
              </lines>
            </method>
            <method name="DFS_Print" signature="(System.Int32)" line-rate="1" branch-rate="0.8333333333333334" complexity="NaN">
              <lines>
                <line number="78" hits="3" branch="false" />
                <line number="80" hits="3" branch="false" />
                <line number="83" hits="3" branch="false" />
                <line number="86" hits="3" branch="false" />
                <line number="87" hits="3" branch="false" />
                <line number="88" hits="15" branch="true" condition-coverage="100% (2/2)" />
                <line number="89" hits="12" branch="false" />
                <line number="91" hits="12" branch="false" />
                <line number="92" hits="12" branch="false" />
                <line number="97" hits="12" branch="true" condition-coverage="50% (1/2)" />
                <line number="98" hits="12" branch="false" />
                <line number="99" hits="12" branch="false" />
                <line number="100" hits="12" branch="false" />
                <line number="101" hits="12" branch="false" />
                <line number="106" hits="72" branch="false" />
                <line number="107" hits="18" branch="false" />
                <line number="108" hits="18" branch="true" condition-coverage="100% (2/2)" />
                <line number="109" hits="9" branch="false" />
                <line number="110" hits="18" branch="false" />
                <line number="112" hits="12" branch="false" />
                <line number="114" hits="3" branch="false" />
                <line number="115" hits="3" branch="false" />
              </lines>
            </method>
          </methods>
          <lines>
            <line number="39" hits="3" branch="false" />
            <line number="41" hits="3" branch="false" />
            <line number="43" hits="30" branch="true" condition-coverage="100% (2/2)" />
            <line number="44" hits="12" branch="false" />
            <line number="45" hits="12" branch="false" />
            <line number="46" hits="12" branch="false" />
            <line number="47" hits="3" branch="false" />
            <line number="48" hits="3" branch="false" />
            <line number="62" hits="18" branch="false" />
            <line number="63" hits="18" branch="false" />
            <line number="64" hits="18" branch="false" />
            <line number="78" hits="3" branch="false" />
            <line number="80" hits="3" branch="false" />
            <line number="83" hits="3" branch="false" />
            <line number="86" hits="3" branch="false" />
            <line number="87" hits="3" branch="false" />
            <line number="88" hits="15" branch="true" condition-coverage="100% (2/2)" />
            <line number="89" hits="12" branch="false" />
            <line number="91" hits="12" branch="false" />
            <line number="92" hits="12" branch="false" />
            <line number="97" hits="12" branch="true" condition-coverage="50% (1/2)" />
            <line number="98" hits="12" branch="false" />
            <line number="99" hits="12" branch="false" />
            <line number="100" hits="12" branch="false" />
            <line number="101" hits="12" branch="false" />
            <line number="106" hits="72" branch="false" />
            <line number="107" hits="18" branch="false" />
            <line number="108" hits="18" branch="true" condition-coverage="100% (2/2)" />
            <line number="109" hits="9" branch="false" />
            <line number="110" hits="18" branch="false" />
            <line number="112" hits="12" branch="false" />
            <line number="114" hits="3" branch="false" />
            <line number="115" hits="3" branch="false" />
          </lines>
        </class>
        <class name="ce100_hw4_algo_lib_cs.Knapsack1" filename="C:\Users\Lenova\Desktop\ce100-hw4-rabia-süme\ce100-hw4-sln\ce100-hw4-algo-lib-cs\Knapsack1.cs" line-rate="1" branch-rate="1" complexity="NaN">
          <methods>
            <method name="KnapSack" signature="(System.Int32,System.Int32[],System.Int32[],System.Int32)" line-rate="1" branch-rate="1" complexity="NaN">
              <lines>
                <line number="46" hits="3" branch="false" />
                <line number="48" hits="3" branch="false" />
                <line number="52" hits="30" branch="true" condition-coverage="100% (2/2)" />
                <line number="53" hits="12" branch="false" />
                <line number="54" hits="1248" branch="true" condition-coverage="100% (2/2)" />
                <line number="55" hits="612" branch="false" />
                <line number="56" hits="612" branch="true" condition-coverage="100% (4/4)" />
                <line number="57" hits="162" branch="false" />
                <line number="59" hits="450" branch="true" condition-coverage="100% (2/2)" />
                <line number="60" hits="279" branch="false" />
                <line number="61" hits="279" branch="false" />
                <line number="62" hits="279" branch="false" />
                <line number="63" hits="279" branch="false" />
                <line number="65" hits="171" branch="false" />
                <line number="66" hits="612" branch="false" />
                <line number="67" hits="12" branch="false" />
                <line number="69" hits="3" branch="false" />
                <line number="70" hits="3" branch="false" />
              </lines>
            </method>
          </methods>
          <lines>
            <line number="46" hits="3" branch="false" />
            <line number="48" hits="3" branch="false" />
            <line number="52" hits="30" branch="true" condition-coverage="100% (2/2)" />
            <line number="53" hits="12" branch="false" />
            <line number="54" hits="1248" branch="true" condition-coverage="100% (2/2)" />
            <line number="55" hits="612" branch="false" />
            <line number="56" hits="612" branch="true" condition-coverage="100% (4/4)" />
            <line number="57" hits="162" branch="false" />
            <line number="59" hits="450" branch="true" condition-coverage="100% (2/2)" />
            <line number="60" hits="279" branch="false" />
            <line number="61" hits="279" branch="false" />
            <line number="62" hits="279" branch="false" />
            <line number="63" hits="279" branch="false" />
            <line number="65" hits="171" branch="false" />
            <line number="66" hits="612" branch="false" />
            <line number="67" hits="12" branch="false" />
            <line number="69" hits="3" branch="false" />
            <line number="70" hits="3" branch="false" />
          </lines>
        </class>
        <class name="ce100_hw4_algo_lib_cs.Knapsack2" filename="C:\Users\Lenova\Desktop\ce100-hw4-rabia-süme\ce100-hw4-sln\ce100-hw4-algo-lib-cs\Knapsack2.cs" line-rate="1" branch-rate="1" complexity="NaN">
          <methods>
            <method name="printknapSack" signature="(System.Int32,System.Int32[],System.Int32[],System.Int32)" line-rate="1" branch-rate="1" complexity="NaN">
              <lines>
                <line number="44" hits="3" branch="false" />
                <line number="46" hits="3" branch="false" />
                <line number="47" hits="3" branch="false" />
                <line number="50" hits="30" branch="true" condition-coverage="100% (2/2)" />
                <line number="51" hits="12" branch="false" />
                <line number="52" hits="1248" branch="true" condition-coverage="100% (2/2)" />
                <line number="53" hits="612" branch="false" />
                <line number="54" hits="612" branch="true" condition-coverage="100% (4/4)" />
                <line number="55" hits="162" branch="false" />
                <line number="56" hits="450" branch="true" condition-coverage="100% (2/2)" />
                <line number="57" hits="268" branch="false" />
                <line number="58" hits="268" branch="false" />
                <line number="60" hits="182" branch="false" />
                <line number="61" hits="612" branch="false" />
                <line number="62" hits="12" branch="false" />
                <line number="65" hits="3" branch="false" />
                <line number="68" hits="3" branch="false" />
                <line number="69" hits="20" branch="true" condition-coverage="100% (4/4)" />
                <line number="70" hits="7" branch="false" />
                <line number="77" hits="7" branch="true" condition-coverage="100% (2/2)" />
                <line number="78" hits="1" branch="false" />
                <line number="80" hits="6" branch="false" />
                <line number="82" hits="6" branch="false" />
                <line number="86" hits="6" branch="false" />
                <line number="87" hits="6" branch="false" />
                <line number="88" hits="6" branch="false" />
                <line number="89" hits="6" branch="false" />
                <line number="90" hits="3" branch="false" />
                <line number="91" hits="3" branch="false" />
              </lines>
            </method>
          </methods>
          <lines>
            <line number="44" hits="3" branch="false" />
            <line number="46" hits="3" branch="false" />
            <line number="47" hits="3" branch="false" />
            <line number="50" hits="30" branch="true" condition-coverage="100% (2/2)" />
            <line number="51" hits="12" branch="false" />
            <line number="52" hits="1248" branch="true" condition-coverage="100% (2/2)" />
            <line number="53" hits="612" branch="false" />
            <line number="54" hits="612" branch="true" condition-coverage="100% (4/4)" />
            <line number="55" hits="162" branch="false" />
            <line number="56" hits="450" branch="true" condition-coverage="100% (2/2)" />
            <line number="57" hits="268" branch="false" />
            <line number="58" hits="268" branch="false" />
            <line number="60" hits="182" branch="false" />
            <line number="61" hits="612" branch="false" />
            <line number="62" hits="12" branch="false" />
            <line number="65" hits="3" branch="false" />
            <line number="68" hits="3" branch="false" />
            <line number="69" hits="20" branch="true" condition-coverage="100% (4/4)" />
            <line number="70" hits="7" branch="false" />
            <line number="77" hits="7" branch="true" condition-coverage="100% (2/2)" />
            <line number="78" hits="1" branch="false" />
            <line number="80" hits="6" branch="false" />
            <line number="82" hits="6" branch="false" />
            <line number="86" hits="6" branch="false" />
            <line number="87" hits="6" branch="false" />
            <line number="88" hits="6" branch="false" />
            <line number="89" hits="6" branch="false" />
            <line number="90" hits="3" branch="false" />
            <line number="91" hits="3" branch="false" />
          </lines>
        </class>
        <class name="ce100_hw4_algo_lib_cs.SCCProblem" filename="C:\Users\Lenova\Desktop\ce100-hw4-rabia-süme\ce100-hw4-sln\ce100-hw4-algo-lib-cs\SCC.cs" line-rate="1" branch-rate="1" complexity="4">
          <methods>
            <method name="addEdge" signature="(System.Int32,System.Int32)" line-rate="1" branch-rate="1" complexity="NaN">
              <lines>
                <line number="15" hits="18" branch="false" />
                <line number="16" hits="18" branch="false" />
                <line number="17" hits="18" branch="false" />
              </lines>
            </method>
            <method name=".ctor" signature="(System.Int32)" line-rate="1" branch-rate="1" complexity="NaN">
              <lines>
                <line number="18" hits="6" branch="false" />
                <line number="19" hits="6" branch="false" />
                <line number="20" hits="6" branch="false" />
                <line number="21" hits="6" branch="false" />
                <line number="22" hits="60" branch="true" condition-coverage="100% (2/2)" />
                <line number="23" hits="24" branch="false" />
                <line number="24" hits="24" branch="false" />
                <line number="25" hits="24" branch="false" />
                <line number="26" hits="6" branch="false" />
              </lines>
            </method>
            <method name="SCCUtil" signature="(System.Int32,System.Int32[],System.Int32[],System.Boolean[],System.Collections.Generic.Stack`1&lt;System.Int32&gt;)" line-rate="1" branch-rate="1" complexity="NaN">
              <lines>
                <line number="28" hits="24" branch="false" />
                <line number="29" hits="24" branch="false" />
                <line number="30" hits="24" branch="false" />
                <line number="31" hits="24" branch="false" />
                <line number="32" hits="108" branch="false" />
                <line number="33" hits="18" branch="false" />
                <line number="34" hits="18" branch="true" condition-coverage="100% (2/2)" />
                <line number="35" hits="12" branch="false" />
                <line number="36" hits="12" branch="false" />
                <line number="37" hits="12" branch="false" />
                <line number="38" hits="12" branch="false" />
                <line number="39" hits="6" branch="true" condition-coverage="100% (2/2)" />
                <line number="40" hits="4" branch="false" />
                <line number="41" hits="4" branch="false" />
                <line number="42" hits="4" branch="false" />
                <line number="43" hits="18" branch="false" />
                <line number="44" hits="24" branch="true" condition-coverage="100% (2/2)" />
                <line number="45" hits="20" branch="false" />
                <line number="48" hits="24" branch="false" />
                <line number="49" hits="24" branch="false" />
                <line number="50" hits="24" branch="false" />
                <line number="51" hits="24" branch="false" />
                <line number="52" hits="48" branch="true" condition-coverage="100% (2/2)" />
                <line number="53" hits="20" branch="false" />
                <line number="54" hits="24" branch="false" />
              </lines>
            </method>
            <method name="SCC" signature="()" line-rate="1" branch-rate="1" complexity="4">
              <lines>
                <line number="56" hits="6" branch="false" />
                <line number="57" hits="6" branch="false" />
                <line number="58" hits="6" branch="false" />
                <line number="59" hits="6" branch="false" />
                <line number="60" hits="6" branch="false" />
                <line number="61" hits="60" branch="true" condition-coverage="100% (2/2)" />
                <line number="62" hits="24" branch="false" />
                <line number="63" hits="24" branch="false" />
                <line number="64" hits="24" branch="false" />
                <line number="65" hits="24" branch="false" />
                <line number="66" hits="60" branch="true" condition-coverage="100% (2/2)" />
                <line number="67" hits="24" branch="false" />
                <line number="68" hits="24" branch="true" condition-coverage="100% (2/2)" />
                <line number="69" hits="12" branch="false" />
                <line number="70" hits="12" branch="false" />
                <line number="71" hits="12" branch="false" />
                <line number="72" hits="24" branch="false" />
                <line number="73" hits="6" branch="false" />
                <line number="74" hits="6" branch="false" />
              </lines>
            </method>
          </methods>
          <lines>
            <line number="15" hits="18" branch="false" />
            <line number="16" hits="18" branch="false" />
            <line number="17" hits="18" branch="false" />
            <line number="18" hits="6" branch="false" />
            <line number="19" hits="6" branch="false" />
            <line number="20" hits="6" branch="false" />
            <line number="21" hits="6" branch="false" />
            <line number="22" hits="60" branch="true" condition-coverage="100% (2/2)" />
            <line number="23" hits="24" branch="false" />
            <line number="24" hits="24" branch="false" />
            <line number="25" hits="24" branch="false" />
            <line number="26" hits="6" branch="false" />
            <line number="28" hits="24" branch="false" />
            <line number="29" hits="24" branch="false" />
            <line number="30" hits="24" branch="false" />
            <line number="31" hits="24" branch="false" />
            <line number="32" hits="108" branch="false" />
            <line number="33" hits="18" branch="false" />
            <line number="34" hits="18" branch="true" condition-coverage="100% (2/2)" />
            <line number="35" hits="12" branch="false" />
            <line number="36" hits="12" branch="false" />
            <line number="37" hits="12" branch="false" />
            <line number="38" hits="12" branch="false" />
            <line number="39" hits="6" branch="true" condition-coverage="100% (2/2)" />
            <line number="40" hits="4" branch="false" />
            <line number="41" hits="4" branch="false" />
            <line number="42" hits="4" branch="false" />
            <line number="43" hits="18" branch="false" />
            <line number="44" hits="24" branch="true" condition-coverage="100% (2/2)" />
            <line number="45" hits="20" branch="false" />
            <line number="48" hits="24" branch="false" />
            <line number="49" hits="24" branch="false" />
            <line number="50" hits="24" branch="false" />
            <line number="51" hits="24" branch="false" />
            <line number="52" hits="48" branch="true" condition-coverage="100% (2/2)" />
            <line number="53" hits="20" branch="false" />
            <line number="54" hits="24" branch="false" />
            <line number="56" hits="6" branch="false" />
            <line number="57" hits="6" branch="false" />
            <line number="58" hits="6" branch="false" />
            <line number="59" hits="6" branch="false" />
            <line number="60" hits="6" branch="false" />
            <line number="61" hits="60" branch="true" condition-coverage="100% (2/2)" />
            <line number="62" hits="24" branch="false" />
            <line number="63" hits="24" branch="false" />
            <line number="64" hits="24" branch="false" />
            <line number="65" hits="24" branch="false" />
            <line number="66" hits="60" branch="true" condition-coverage="100% (2/2)" />
            <line number="67" hits="24" branch="false" />
            <line number="68" hits="24" branch="true" condition-coverage="100% (2/2)" />
            <line number="69" hits="12" branch="false" />
            <line number="70" hits="12" branch="false" />
            <line number="71" hits="12" branch="false" />
            <line number="72" hits="24" branch="false" />
            <line number="73" hits="6" branch="false" />
            <line number="74" hits="6" branch="false" />
          </lines>
        </class>
        <class name="ce100_hw4_algo_lib_cs.Topological_Order" filename="C:\Users\Lenova\Desktop\ce100-hw4-rabia-süme\ce100-hw4-sln\ce100-hw4-algo-lib-cs\Topological_Order.cs" line-rate="1" branch-rate="1" complexity="4">
          <methods>
            <method name="Graph" signature="(System.Int32)" line-rate="1" branch-rate="1" complexity="NaN">
              <lines>
                <line number="41" hits="3" branch="false" />
                <line number="42" hits="3" branch="false" />
                <line number="43" hits="3" branch="false" />
                <line number="44" hits="42" branch="true" condition-coverage="100% (2/2)" />
                <line number="45" hits="18" branch="false" />
                <line number="46" hits="3" branch="false" />
              </lines>
            </method>
            <method name="AddEdge" signature="(System.Int32,System.Int32)" line-rate="1" branch-rate="1" complexity="NaN">
              <lines>
                <line number="59" hits="18" branch="false" />
                <line number="60" hits="18" branch="false" />
                <line number="61" hits="18" branch="false" />
              </lines>
            </method>
            <method name="TopologicalSortUtil" signature="(System.Int32,System.Boolean[],System.Collections.Generic.Stack`1&lt;System.Int32&gt;)" line-rate="1" branch-rate="1" complexity="NaN">
              <lines>
                <line number="77" hits="18" branch="false" />
                <line number="80" hits="18" branch="false" />
                <line number="84" hits="90" branch="false" />
                <line number="85" hits="18" branch="false" />
                <line number="86" hits="18" branch="true" condition-coverage="100% (2/2)" />
                <line number="87" hits="3" branch="false" />
                <line number="88" hits="18" branch="false" />
                <line number="92" hits="18" branch="false" />
                <line number="93" hits="18" branch="false" />
              </lines>
            </method>
            <method name="TopologicalSort" signature="()" line-rate="1" branch-rate="1" complexity="4">
              <lines>
                <line number="106" hits="3" branch="false" />
                <line number="107" hits="3" branch="false" />
                <line number="110" hits="3" branch="false" />
                <line number="111" hits="3" branch="false" />
                <line number="115" hits="42" branch="true" condition-coverage="100% (2/2)" />
                <line number="116" hits="18" branch="false" />
                <line number="117" hits="18" branch="true" condition-coverage="100% (2/2)" />
                <line number="118" hits="15" branch="false" />
                <line number="119" hits="18" branch="false" />
                <line number="122" hits="45" branch="false" />
                <line number="123" hits="18" branch="false" />
                <line number="124" hits="18" branch="false" />
                <line number="125" hits="18" branch="false" />
                <line number="126" hits="3" branch="false" />
                <line number="127" hits="3" branch="false" />
              </lines>
            </method>
          </methods>
          <lines>
            <line number="41" hits="3" branch="false" />
            <line number="42" hits="3" branch="false" />
            <line number="43" hits="3" branch="false" />
            <line number="44" hits="42" branch="true" condition-coverage="100% (2/2)" />
            <line number="45" hits="18" branch="false" />
            <line number="46" hits="3" branch="false" />
            <line number="59" hits="18" branch="false" />
            <line number="60" hits="18" branch="false" />
            <line number="61" hits="18" branch="false" />
            <line number="77" hits="18" branch="false" />
            <line number="80" hits="18" branch="false" />
            <line number="84" hits="90" branch="false" />
            <line number="85" hits="18" branch="false" />
            <line number="86" hits="18" branch="true" condition-coverage="100% (2/2)" />
            <line number="87" hits="3" branch="false" />
            <line number="88" hits="18" branch="false" />
            <line number="92" hits="18" branch="false" />
            <line number="93" hits="18" branch="false" />
            <line number="106" hits="3" branch="false" />
            <line number="107" hits="3" branch="false" />
            <line number="110" hits="3" branch="false" />
            <line number="111" hits="3" branch="false" />
            <line number="115" hits="42" branch="true" condition-coverage="100% (2/2)" />
            <line number="116" hits="18" branch="false" />
            <line number="117" hits="18" branch="true" condition-coverage="100% (2/2)" />
            <line number="118" hits="15" branch="false" />
            <line number="119" hits="18" branch="false" />
            <line number="122" hits="45" branch="false" />
            <line number="123" hits="18" branch="false" />
            <line number="124" hits="18" branch="false" />
            <line number="125" hits="18" branch="false" />
            <line number="126" hits="3" branch="false" />
            <line number="127" hits="3" branch="false" />
          </lines>
        </class>
      </classes>
    </package>
    <package name="ce100-hw4-algo-test-cs" line-rate="1" branch-rate="1" complexity="21">
      <classes>
        <class name="ce100_hw4_algo_test_cs.UnitTest1" filename="C:\Users\Lenova\Desktop\ce100-hw4-rabia-süme\ce100-hw4-sln\ce100-hw4-algo-test-cs\UnitTest1.cs" line-rate="1" branch-rate="1" complexity="21">
          <methods>
            <method name="ActivitySelection1Problem_TestMethod_1" signature="()" line-rate="1" branch-rate="1" complexity="1">
              <lines>
                <line number="12" hits="1" branch="false" />
                <line number="13" hits="1" branch="false" />
                <line number="14" hits="1" branch="false" />
                <line number="15" hits="1" branch="false" />
                <line number="17" hits="1" branch="false" />
                <line number="18" hits="1" branch="false" />
                <line number="19" hits="1" branch="false" />
                <line number="20" hits="1" branch="false" />
              </lines>
            </method>
            <method name="ActivitySelection1Problem_TestMethod_2" signature="()" line-rate="1" branch-rate="1" complexity="1">
              <lines>
                <line number="27" hits="1" branch="false" />
                <line number="28" hits="1" branch="false" />
                <line number="30" hits="1" branch="false" />
                <line number="31" hits="1" branch="false" />
                <line number="33" hits="1" branch="false" />
                <line number="34" hits="1" branch="false" />
                <line number="35" hits="1" branch="false" />
                <line number="36" hits="1" branch="false" />
              </lines>
            </method>
            <method name="ActivitySelection1Problem_TestMethod_3" signature="()" line-rate="1" branch-rate="1" complexity="1">
              <lines>
                <line number="42" hits="1" branch="false" />
                <line number="43" hits="1" branch="false" />
                <line number="45" hits="1" branch="false" />
                <line number="46" hits="1" branch="false" />
                <line number="48" hits="1" branch="false" />
                <line number="49" hits="1" branch="false" />
                <line number="50" hits="1" branch="false" />
                <line number="51" hits="1" branch="false" />
              </lines>
            </method>
            <method name="KnapSack01_TestMethod_1" signature="()" line-rate="1" branch-rate="1" complexity="1">
              <lines>
                <line number="56" hits="1" branch="false" />
                <line number="57" hits="1" branch="false" />
                <line number="58" hits="1" branch="false" />
                <line number="59" hits="1" branch="false" />
                <line number="60" hits="1" branch="false" />
                <line number="61" hits="1" branch="false" />
                <line number="62" hits="1" branch="false" />
                <line number="63" hits="1" branch="false" />
                <line number="64" hits="1" branch="false" />
              </lines>
            </method>
            <method name="KnapSack01_TestMethod_2" signature="()" line-rate="1" branch-rate="1" complexity="1">
              <lines>
                <line number="69" hits="1" branch="false" />
                <line number="70" hits="1" branch="false" />
                <line number="71" hits="1" branch="false" />
                <line number="72" hits="1" branch="false" />
                <line number="73" hits="1" branch="false" />
                <line number="74" hits="1" branch="false" />
                <line number="75" hits="1" branch="false" />
                <line number="76" hits="1" branch="false" />
                <line number="77" hits="1" branch="false" />
              </lines>
            </method>
            <method name="KnapSack01_TestMethod_3" signature="()" line-rate="1" branch-rate="1" complexity="1">
              <lines>
                <line number="82" hits="1" branch="false" />
                <line number="83" hits="1" branch="false" />
                <line number="84" hits="1" branch="false" />
                <line number="85" hits="1" branch="false" />
                <line number="86" hits="1" branch="false" />
                <line number="87" hits="1" branch="false" />
                <line number="88" hits="1" branch="false" />
                <line number="89" hits="1" branch="false" />
                <line number="90" hits="1" branch="false" />
              </lines>
            </method>
            <method name="Knapsack02_testmethod_1" signature="()" line-rate="1" branch-rate="1" complexity="1">
              <lines>
                <line number="97" hits="1" branch="false" />
                <line number="98" hits="1" branch="false" />
                <line number="99" hits="1" branch="false" />
                <line number="100" hits="1" branch="false" />
                <line number="101" hits="1" branch="false" />
                <line number="102" hits="1" branch="false" />
                <line number="104" hits="1" branch="false" />
                <line number="105" hits="1" branch="false" />
                <line number="106" hits="1" branch="false" />
              </lines>
            </method>
            <method name="Knapsack02_testmethod_2" signature="()" line-rate="1" branch-rate="1" complexity="1">
              <lines>
                <line number="113" hits="1" branch="false" />
                <line number="114" hits="1" branch="false" />
                <line number="115" hits="1" branch="false" />
                <line number="116" hits="1" branch="false" />
                <line number="117" hits="1" branch="false" />
                <line number="118" hits="1" branch="false" />
                <line number="120" hits="1" branch="false" />
                <line number="121" hits="1" branch="false" />
                <line number="122" hits="1" branch="false" />
              </lines>
            </method>
            <method name="Knapsack02_testmethod_3" signature="()" line-rate="1" branch-rate="1" complexity="1">
              <lines>
                <line number="128" hits="1" branch="false" />
                <line number="129" hits="1" branch="false" />
                <line number="130" hits="1" branch="false" />
                <line number="131" hits="1" branch="false" />
                <line number="132" hits="1" branch="false" />
                <line number="133" hits="1" branch="false" />
                <line number="135" hits="1" branch="false" />
                <line number="136" hits="1" branch="false" />
                <line number="137" hits="1" branch="false" />
              </lines>
            </method>
            <method name="BFS_TestMethod_1" signature="()" line-rate="1" branch-rate="1" complexity="1">
              <lines>
                <line number="144" hits="1" branch="false" />
                <line number="145" hits="1" branch="false" />
                <line number="147" hits="1" branch="false" />
                <line number="148" hits="1" branch="false" />
                <line number="149" hits="1" branch="false" />
                <line number="150" hits="1" branch="false" />
                <line number="151" hits="1" branch="false" />
                <line number="152" hits="1" branch="false" />
                <line number="154" hits="1" branch="false" />
                <line number="155" hits="1" branch="false" />
                <line number="156" hits="1" branch="false" />
                <line number="159" hits="1" branch="false" />
              </lines>
            </method>
            <method name="BFS_TestMethod_2" signature="()" line-rate="1" branch-rate="1" complexity="1">
              <lines>
                <line number="166" hits="1" branch="false" />
                <line number="167" hits="1" branch="false" />
                <line number="169" hits="1" branch="false" />
                <line number="170" hits="1" branch="false" />
                <line number="171" hits="1" branch="false" />
                <line number="172" hits="1" branch="false" />
                <line number="173" hits="1" branch="false" />
                <line number="174" hits="1" branch="false" />
                <line number="176" hits="1" branch="false" />
                <line number="177" hits="1" branch="false" />
                <line number="178" hits="1" branch="false" />
                <line number="181" hits="1" branch="false" />
              </lines>
            </method>
            <method name="BFS_TestMethod_3" signature="()" line-rate="1" branch-rate="1" complexity="1">
              <lines>
                <line number="188" hits="1" branch="false" />
                <line number="189" hits="1" branch="false" />
                <line number="191" hits="1" branch="false" />
                <line number="192" hits="1" branch="false" />
                <line number="193" hits="1" branch="false" />
                <line number="194" hits="1" branch="false" />
                <line number="195" hits="1" branch="false" />
                <line number="196" hits="1" branch="false" />
                <line number="198" hits="1" branch="false" />
                <line number="199" hits="1" branch="false" />
                <line number="200" hits="1" branch="false" />
                <line number="203" hits="1" branch="false" />
              </lines>
            </method>
            <method name="Topological_Order_TestMethod_1" signature="()" line-rate="1" branch-rate="1" complexity="1">
              <lines>
                <line number="211" hits="1" branch="false" />
                <line number="212" hits="1" branch="false" />
                <line number="213" hits="1" branch="false" />
                <line number="214" hits="1" branch="false" />
                <line number="215" hits="1" branch="false" />
                <line number="216" hits="1" branch="false" />
                <line number="217" hits="1" branch="false" />
                <line number="218" hits="1" branch="false" />
                <line number="221" hits="1" branch="false" />
                <line number="222" hits="1" branch="false" />
                <line number="223" hits="1" branch="false" />
                <line number="224" hits="1" branch="false" />
              </lines>
            </method>
            <method name="Topological_Order_TestMethod_2" signature="()" line-rate="1" branch-rate="1" complexity="1">
              <lines>
                <line number="229" hits="1" branch="false" />
                <line number="230" hits="1" branch="false" />
                <line number="231" hits="1" branch="false" />
                <line number="232" hits="1" branch="false" />
                <line number="233" hits="1" branch="false" />
                <line number="234" hits="1" branch="false" />
                <line number="235" hits="1" branch="false" />
                <line number="236" hits="1" branch="false" />
                <line number="239" hits="1" branch="false" />
                <line number="240" hits="1" branch="false" />
                <line number="241" hits="1" branch="false" />
                <line number="242" hits="1" branch="false" />
              </lines>
            </method>
            <method name="Topological_Order_TestMethod_3" signature="()" line-rate="1" branch-rate="1" complexity="1">
              <lines>
                <line number="249" hits="1" branch="false" />
                <line number="250" hits="1" branch="false" />
                <line number="251" hits="1" branch="false" />
                <line number="252" hits="1" branch="false" />
                <line number="253" hits="1" branch="false" />
                <line number="254" hits="1" branch="false" />
                <line number="255" hits="1" branch="false" />
                <line number="256" hits="1" branch="false" />
                <line number="259" hits="1" branch="false" />
                <line number="260" hits="1" branch="false" />
                <line number="261" hits="1" branch="false" />
                <line number="262" hits="1" branch="false" />
              </lines>
            </method>
            <method name="DFS_TestMethod_1" signature="()" line-rate="1" branch-rate="1" complexity="1">
              <lines>
                <line number="269" hits="1" branch="false" />
                <line number="270" hits="1" branch="false" />
                <line number="272" hits="1" branch="false" />
                <line number="273" hits="1" branch="false" />
                <line number="274" hits="1" branch="false" />
                <line number="275" hits="1" branch="false" />
                <line number="276" hits="1" branch="false" />
                <line number="277" hits="1" branch="false" />
                <line number="278" hits="1" branch="false" />
                <line number="279" hits="1" branch="false" />
                <line number="280" hits="1" branch="false" />
              </lines>
            </method>
            <method name="DFS_TestMethod_2" signature="()" line-rate="1" branch-rate="1" complexity="1">
              <lines>
                <line number="286" hits="1" branch="false" />
                <line number="287" hits="1" branch="false" />
                <line number="289" hits="1" branch="false" />
                <line number="290" hits="1" branch="false" />
                <line number="291" hits="1" branch="false" />
                <line number="292" hits="1" branch="false" />
                <line number="293" hits="1" branch="false" />
                <line number="294" hits="1" branch="false" />
                <line number="295" hits="1" branch="false" />
                <line number="296" hits="1" branch="false" />
                <line number="297" hits="1" branch="false" />
              </lines>
            </method>
            <method name="DFS_TestMethod_3" signature="()" line-rate="1" branch-rate="1" complexity="1">
              <lines>
                <line number="303" hits="1" branch="false" />
                <line number="304" hits="1" branch="false" />
                <line number="306" hits="1" branch="false" />
                <line number="307" hits="1" branch="false" />
                <line number="308" hits="1" branch="false" />
                <line number="309" hits="1" branch="false" />
                <line number="310" hits="1" branch="false" />
                <line number="311" hits="1" branch="false" />
                <line number="312" hits="1" branch="false" />
                <line number="313" hits="1" branch="false" />
                <line number="314" hits="1" branch="false" />
              </lines>
            </method>
            <method name="SCCProblem_test1" signature="()" line-rate="1" branch-rate="1" complexity="1">
              <lines>
                <line number="319" hits="1" branch="false" />
                <line number="320" hits="1" branch="false" />
                <line number="321" hits="1" branch="false" />
                <line number="322" hits="1" branch="false" />
                <line number="323" hits="1" branch="false" />
                <line number="324" hits="1" branch="false" />
                <line number="325" hits="1" branch="false" />
                <line number="326" hits="1" branch="false" />
                <line number="327" hits="1" branch="false" />
                <line number="328" hits="1" branch="false" />
                <line number="329" hits="1" branch="false" />
                <line number="330" hits="1" branch="false" />
                <line number="331" hits="1" branch="false" />
              </lines>
            </method>
            <method name="SCCProblem_test2" signature="()" line-rate="1" branch-rate="1" complexity="1">
              <lines>
                <line number="337" hits="1" branch="false" />
                <line number="338" hits="1" branch="false" />
                <line number="339" hits="1" branch="false" />
                <line number="340" hits="1" branch="false" />
                <line number="341" hits="1" branch="false" />
                <line number="342" hits="1" branch="false" />
                <line number="343" hits="1" branch="false" />
                <line number="344" hits="1" branch="false" />
                <line number="345" hits="1" branch="false" />
                <line number="346" hits="1" branch="false" />
                <line number="347" hits="1" branch="false" />
                <line number="348" hits="1" branch="false" />
                <line number="349" hits="1" branch="false" />
              </lines>
            </method>
            <method name="SCCProblem_test3" signature="()" line-rate="1" branch-rate="1" complexity="1">
              <lines>
                <line number="356" hits="1" branch="false" />
                <line number="357" hits="1" branch="false" />
                <line number="358" hits="1" branch="false" />
                <line number="359" hits="1" branch="false" />
                <line number="360" hits="1" branch="false" />
                <line number="361" hits="1" branch="false" />
                <line number="362" hits="1" branch="false" />
                <line number="363" hits="1" branch="false" />
                <line number="364" hits="1" branch="false" />
                <line number="365" hits="1" branch="false" />
                <line number="366" hits="1" branch="false" />
                <line number="367" hits="1" branch="false" />
                <line number="368" hits="1" branch="false" />
              </lines>
            </method>
          </methods>
          <lines>
            <line number="12" hits="1" branch="false" />
            <line number="13" hits="1" branch="false" />
            <line number="14" hits="1" branch="false" />
            <line number="15" hits="1" branch="false" />
            <line number="17" hits="1" branch="false" />
            <line number="18" hits="1" branch="false" />
            <line number="19" hits="1" branch="false" />
            <line number="20" hits="1" branch="false" />
            <line number="27" hits="1" branch="false" />
            <line number="28" hits="1" branch="false" />
            <line number="30" hits="1" branch="false" />
            <line number="31" hits="1" branch="false" />
            <line number="33" hits="1" branch="false" />
            <line number="34" hits="1" branch="false" />
            <line number="35" hits="1" branch="false" />
            <line number="36" hits="1" branch="false" />
            <line number="42" hits="1" branch="false" />
            <line number="43" hits="1" branch="false" />
            <line number="45" hits="1" branch="false" />
            <line number="46" hits="1" branch="false" />
            <line number="48" hits="1" branch="false" />
            <line number="49" hits="1" branch="false" />
            <line number="50" hits="1" branch="false" />
            <line number="51" hits="1" branch="false" />
            <line number="56" hits="1" branch="false" />
            <line number="57" hits="1" branch="false" />
            <line number="58" hits="1" branch="false" />
            <line number="59" hits="1" branch="false" />
            <line number="60" hits="1" branch="false" />
            <line number="61" hits="1" branch="false" />
            <line number="62" hits="1" branch="false" />
            <line number="63" hits="1" branch="false" />
            <line number="64" hits="1" branch="false" />
            <line number="69" hits="1" branch="false" />
            <line number="70" hits="1" branch="false" />
            <line number="71" hits="1" branch="false" />
            <line number="72" hits="1" branch="false" />
            <line number="73" hits="1" branch="false" />
            <line number="74" hits="1" branch="false" />
            <line number="75" hits="1" branch="false" />
            <line number="76" hits="1" branch="false" />
            <line number="77" hits="1" branch="false" />
            <line number="82" hits="1" branch="false" />
            <line number="83" hits="1" branch="false" />
            <line number="84" hits="1" branch="false" />
            <line number="85" hits="1" branch="false" />
            <line number="86" hits="1" branch="false" />
            <line number="87" hits="1" branch="false" />
            <line number="88" hits="1" branch="false" />
            <line number="89" hits="1" branch="false" />
            <line number="90" hits="1" branch="false" />
            <line number="97" hits="1" branch="false" />
            <line number="98" hits="1" branch="false" />
            <line number="99" hits="1" branch="false" />
            <line number="100" hits="1" branch="false" />
            <line number="101" hits="1" branch="false" />
            <line number="102" hits="1" branch="false" />
            <line number="104" hits="1" branch="false" />
            <line number="105" hits="1" branch="false" />
            <line number="106" hits="1" branch="false" />
            <line number="113" hits="1" branch="false" />
            <line number="114" hits="1" branch="false" />
            <line number="115" hits="1" branch="false" />
            <line number="116" hits="1" branch="false" />
            <line number="117" hits="1" branch="false" />
            <line number="118" hits="1" branch="false" />
            <line number="120" hits="1" branch="false" />
            <line number="121" hits="1" branch="false" />
            <line number="122" hits="1" branch="false" />
            <line number="128" hits="1" branch="false" />
            <line number="129" hits="1" branch="false" />
            <line number="130" hits="1" branch="false" />
            <line number="131" hits="1" branch="false" />
            <line number="132" hits="1" branch="false" />
            <line number="133" hits="1" branch="false" />
            <line number="135" hits="1" branch="false" />
            <line number="136" hits="1" branch="false" />
            <line number="137" hits="1" branch="false" />
            <line number="144" hits="1" branch="false" />
            <line number="145" hits="1" branch="false" />
            <line number="147" hits="1" branch="false" />
            <line number="148" hits="1" branch="false" />
            <line number="149" hits="1" branch="false" />
            <line number="150" hits="1" branch="false" />
            <line number="151" hits="1" branch="false" />
            <line number="152" hits="1" branch="false" />
            <line number="154" hits="1" branch="false" />
            <line number="155" hits="1" branch="false" />
            <line number="156" hits="1" branch="false" />
            <line number="159" hits="1" branch="false" />
            <line number="166" hits="1" branch="false" />
            <line number="167" hits="1" branch="false" />
            <line number="169" hits="1" branch="false" />
            <line number="170" hits="1" branch="false" />
            <line number="171" hits="1" branch="false" />
            <line number="172" hits="1" branch="false" />
            <line number="173" hits="1" branch="false" />
            <line number="174" hits="1" branch="false" />
            <line number="176" hits="1" branch="false" />
            <line number="177" hits="1" branch="false" />
            <line number="178" hits="1" branch="false" />
            <line number="181" hits="1" branch="false" />
            <line number="188" hits="1" branch="false" />
            <line number="189" hits="1" branch="false" />
            <line number="191" hits="1" branch="false" />
            <line number="192" hits="1" branch="false" />
            <line number="193" hits="1" branch="false" />
            <line number="194" hits="1" branch="false" />
            <line number="195" hits="1" branch="false" />
            <line number="196" hits="1" branch="false" />
            <line number="198" hits="1" branch="false" />
            <line number="199" hits="1" branch="false" />
            <line number="200" hits="1" branch="false" />
            <line number="203" hits="1" branch="false" />
            <line number="211" hits="1" branch="false" />
            <line number="212" hits="1" branch="false" />
            <line number="213" hits="1" branch="false" />
            <line number="214" hits="1" branch="false" />
            <line number="215" hits="1" branch="false" />
            <line number="216" hits="1" branch="false" />
            <line number="217" hits="1" branch="false" />
            <line number="218" hits="1" branch="false" />
            <line number="221" hits="1" branch="false" />
            <line number="222" hits="1" branch="false" />
            <line number="223" hits="1" branch="false" />
            <line number="224" hits="1" branch="false" />
            <line number="229" hits="1" branch="false" />
            <line number="230" hits="1" branch="false" />
            <line number="231" hits="1" branch="false" />
            <line number="232" hits="1" branch="false" />
            <line number="233" hits="1" branch="false" />
            <line number="234" hits="1" branch="false" />
            <line number="235" hits="1" branch="false" />
            <line number="236" hits="1" branch="false" />
            <line number="239" hits="1" branch="false" />
            <line number="240" hits="1" branch="false" />
            <line number="241" hits="1" branch="false" />
            <line number="242" hits="1" branch="false" />
            <line number="249" hits="1" branch="false" />
            <line number="250" hits="1" branch="false" />
            <line number="251" hits="1" branch="false" />
            <line number="252" hits="1" branch="false" />
            <line number="253" hits="1" branch="false" />
            <line number="254" hits="1" branch="false" />
            <line number="255" hits="1" branch="false" />
            <line number="256" hits="1" branch="false" />
            <line number="259" hits="1" branch="false" />
            <line number="260" hits="1" branch="false" />
            <line number="261" hits="1" branch="false" />
            <line number="262" hits="1" branch="false" />
            <line number="269" hits="1" branch="false" />
            <line number="270" hits="1" branch="false" />
            <line number="272" hits="1" branch="false" />
            <line number="273" hits="1" branch="false" />
            <line number="274" hits="1" branch="false" />
            <line number="275" hits="1" branch="false" />
            <line number="276" hits="1" branch="false" />
            <line number="277" hits="1" branch="false" />
            <line number="278" hits="1" branch="false" />
            <line number="279" hits="1" branch="false" />
            <line number="280" hits="1" branch="false" />
            <line number="286" hits="1" branch="false" />
            <line number="287" hits="1" branch="false" />
            <line number="289" hits="1" branch="false" />
            <line number="290" hits="1" branch="false" />
            <line number="291" hits="1" branch="false" />
            <line number="292" hits="1" branch="false" />
            <line number="293" hits="1" branch="false" />
            <line number="294" hits="1" branch="false" />
            <line number="295" hits="1" branch="false" />
            <line number="296" hits="1" branch="false" />
            <line number="297" hits="1" branch="false" />
            <line number="303" hits="1" branch="false" />
            <line number="304" hits="1" branch="false" />
            <line number="306" hits="1" branch="false" />
            <line number="307" hits="1" branch="false" />
            <line number="308" hits="1" branch="false" />
            <line number="309" hits="1" branch="false" />
            <line number="310" hits="1" branch="false" />
            <line number="311" hits="1" branch="false" />
            <line number="312" hits="1" branch="false" />
            <line number="313" hits="1" branch="false" />
            <line number="314" hits="1" branch="false" />
            <line number="319" hits="1" branch="false" />
            <line number="320" hits="1" branch="false" />
            <line number="321" hits="1" branch="false" />
            <line number="322" hits="1" branch="false" />
            <line number="323" hits="1" branch="false" />
            <line number="324" hits="1" branch="false" />
            <line number="325" hits="1" branch="false" />
            <line number="326" hits="1" branch="false" />
            <line number="327" hits="1" branch="false" />
            <line number="328" hits="1" branch="false" />
            <line number="329" hits="1" branch="false" />
            <line number="330" hits="1" branch="false" />
            <line number="331" hits="1" branch="false" />
            <line number="337" hits="1" branch="false" />
            <line number="338" hits="1" branch="false" />
            <line number="339" hits="1" branch="false" />
            <line number="340" hits="1" branch="false" />
            <line number="341" hits="1" branch="false" />
            <line number="342" hits="1" branch="false" />
            <line number="343" hits="1" branch="false" />
            <line number="344" hits="1" branch="false" />
            <line number="345" hits="1" branch="false" />
            <line number="346" hits="1" branch="false" />
            <line number="347" hits="1" branch="false" />
            <line number="348" hits="1" branch="false" />
            <line number="349" hits="1" branch="false" />
            <line number="356" hits="1" branch="false" />
            <line number="357" hits="1" branch="false" />
            <line number="358" hits="1" branch="false" />
            <line number="359" hits="1" branch="false" />
            <line number="360" hits="1" branch="false" />
            <line number="361" hits="1" branch="false" />
            <line number="362" hits="1" branch="false" />
            <line number="363" hits="1" branch="false" />
            <line number="364" hits="1" branch="false" />
            <line number="365" hits="1" branch="false" />
            <line number="366" hits="1" branch="false" />
            <line number="367" hits="1" branch="false" />
            <line number="368" hits="1" branch="false" />
          </lines>
        </class>
      </classes>
    </package>
  </packages>
</coverage>